2022-08-17 12:27:59[WARN] user: minh
GET /vi/admin/orders/1/edit
AVOID eager loading detected
  Product => [:orders, :order_details]
  Remove from your query: .includes([:orders, :order_details])
Call stack

2022-08-17 12:27:59[WARN] user: minh
GET /vi/admin/orders/1/edit
AVOID eager loading detected
  OrderDetail => [:order]
  Remove from your query: .includes([:order])
Call stack

2022-08-18 09:35:40[WARN] user: minh
GET /vi/admin/orders/1/edit
USE eager loading detected
  OrderDetail => [:product]
  Add to your query: .includes([:product])
Call stack
  /home/minh/Desktop/intern_ruby_2022_ecommerce/app/models/order_detail.rb:5:in `name'
  /home/minh/Desktop/intern_ruby_2022_ecommerce/app/views/admin/orders/_form.html.erb:32:in `block (2 levels) in _app_views_admin_orders__form_html_erb__1712204402291679193_20400'
  /home/minh/Desktop/intern_ruby_2022_ecommerce/app/views/admin/orders/_form.html.erb:28:in `block in _app_views_admin_orders__form_html_erb__1712204402291679193_20400'
  /home/minh/Desktop/intern_ruby_2022_ecommerce/app/views/admin/orders/_form.html.erb:4:in `_app_views_admin_orders__form_html_erb__1712204402291679193_20400'
  /home/minh/Desktop/intern_ruby_2022_ecommerce/app/views/admin/orders/edit.html.erb:1:in `_app_views_admin_orders_edit_html_erb___355598959233237478_20380'

2022-08-18 09:38:07[WARN] user: minh
GET /vi/admin/orders/1/edit
USE eager loading detected
  OrderDetail => [:product]
  Add to your query: .includes([:product])
Call stack
  /home/minh/Desktop/intern_ruby_2022_ecommerce/app/models/order_detail.rb:5:in `name'
  /home/minh/Desktop/intern_ruby_2022_ecommerce/app/views/admin/orders/_form.html.erb:32:in `block (2 levels) in _app_views_admin_orders__form_html_erb__1712204402291679193_22780'
  /home/minh/Desktop/intern_ruby_2022_ecommerce/app/views/admin/orders/_form.html.erb:28:in `block in _app_views_admin_orders__form_html_erb__1712204402291679193_22780'
  /home/minh/Desktop/intern_ruby_2022_ecommerce/app/views/admin/orders/_form.html.erb:4:in `_app_views_admin_orders__form_html_erb__1712204402291679193_22780'
  /home/minh/Desktop/intern_ruby_2022_ecommerce/app/views/admin/orders/edit.html.erb:1:in `_app_views_admin_orders_edit_html_erb___355598959233237478_22760'

2022-08-18 09:38:55[WARN] user: minh
GET /vi/admin/orders/1/edit
USE eager loading detected
  OrderDetail => [:product]
  Add to your query: .includes([:product])
Call stack
  /home/minh/Desktop/intern_ruby_2022_ecommerce/app/models/order_detail.rb:5:in `name'
  /home/minh/Desktop/intern_ruby_2022_ecommerce/app/views/admin/orders/_form.html.erb:32:in `block (2 levels) in _app_views_admin_orders__form_html_erb__1712204402291679193_23060'
  /home/minh/Desktop/intern_ruby_2022_ecommerce/app/views/admin/orders/_form.html.erb:28:in `block in _app_views_admin_orders__form_html_erb__1712204402291679193_23060'
  /home/minh/Desktop/intern_ruby_2022_ecommerce/app/views/admin/orders/_form.html.erb:4:in `_app_views_admin_orders__form_html_erb__1712204402291679193_23060'
  /home/minh/Desktop/intern_ruby_2022_ecommerce/app/views/admin/orders/edit.html.erb:1:in `_app_views_admin_orders_edit_html_erb___355598959233237478_23040'

2022-08-18 09:39:56[WARN] user: minh
GET /vi/admin/orders/1/edit
USE eager loading detected
  OrderDetail => [:product]
  Add to your query: .includes([:product])
Call stack
  /home/minh/Desktop/intern_ruby_2022_ecommerce/app/models/order_detail.rb:5:in `name'
  /home/minh/Desktop/intern_ruby_2022_ecommerce/app/views/admin/orders/_form.html.erb:32:in `block (2 levels) in _app_views_admin_orders__form_html_erb__1712204402291679193_23940'
  /home/minh/Desktop/intern_ruby_2022_ecommerce/app/views/admin/orders/_form.html.erb:28:in `block in _app_views_admin_orders__form_html_erb__1712204402291679193_23940'
  /home/minh/Desktop/intern_ruby_2022_ecommerce/app/views/admin/orders/_form.html.erb:4:in `_app_views_admin_orders__form_html_erb__1712204402291679193_23940'
  /home/minh/Desktop/intern_ruby_2022_ecommerce/app/views/admin/orders/edit.html.erb:1:in `_app_views_admin_orders_edit_html_erb___355598959233237478_23920'

2022-08-18 09:54:59[WARN] user: minh
GET /vi/admin/products/50
USE eager loading detected
  ProductImage => [:image_attachment]
  Add to your query: .includes([:image_attachment])
Call stack
  /home/minh/Desktop/intern_ruby_2022_ecommerce/app/views/admin/products/show.html.erb:58:in `block in _app_views_admin_products_show_html_erb__1301158287768622351_21200'
  /home/minh/Desktop/intern_ruby_2022_ecommerce/app/views/admin/products/show.html.erb:56:in `_app_views_admin_products_show_html_erb__1301158287768622351_21200'

2022-08-18 09:55:08[WARN] user: minh
PATCH /vi/admin/products/50
USE eager loading detected
  ProductImage => [:image_attachment]
  Add to your query: .includes([:image_attachment])
Call stack
  /home/minh/Desktop/intern_ruby_2022_ecommerce/app/controllers/admin/products_controller.rb:23:in `update'

2022-08-18 10:02:40[WARN] user: minh
GET /vi/admin/orders/1/edit
USE eager loading detected
  OrderDetail => [:product]
  Add to your query: .includes([:product])
Call stack
  /home/minh/Desktop/intern_ruby_2022_ecommerce/app/models/order_detail.rb:5:in `name'
  /home/minh/Desktop/intern_ruby_2022_ecommerce/app/views/admin/orders/_form.html.erb:32:in `block (2 levels) in _app_views_admin_orders__form_html_erb___219444085554923331_19880'
  /home/minh/Desktop/intern_ruby_2022_ecommerce/app/views/admin/orders/_form.html.erb:28:in `block in _app_views_admin_orders__form_html_erb___219444085554923331_19880'
  /home/minh/Desktop/intern_ruby_2022_ecommerce/app/views/admin/orders/_form.html.erb:4:in `_app_views_admin_orders__form_html_erb___219444085554923331_19880'
  /home/minh/Desktop/intern_ruby_2022_ecommerce/app/views/admin/orders/edit.html.erb:1:in `_app_views_admin_orders_edit_html_erb___3347972865598863009_19860'

2022-08-18 10:04:31[WARN] user: minh
GET /vi/admin/orders/1/edit
USE eager loading detected
  OrderDetail => [:product]
  Add to your query: .includes([:product])
Call stack
  /home/minh/Desktop/intern_ruby_2022_ecommerce/app/models/order_detail.rb:5:in `name'
  /home/minh/Desktop/intern_ruby_2022_ecommerce/app/views/admin/orders/_form.html.erb:32:in `block (2 levels) in _app_views_admin_orders__form_html_erb___219444085554923331_19880'
  /home/minh/Desktop/intern_ruby_2022_ecommerce/app/views/admin/orders/_form.html.erb:28:in `block in _app_views_admin_orders__form_html_erb___219444085554923331_19880'
  /home/minh/Desktop/intern_ruby_2022_ecommerce/app/views/admin/orders/_form.html.erb:4:in `_app_views_admin_orders__form_html_erb___219444085554923331_19880'
  /home/minh/Desktop/intern_ruby_2022_ecommerce/app/views/admin/orders/edit.html.erb:1:in `_app_views_admin_orders_edit_html_erb___3347972865598863009_19860'

2022-08-18 10:06:04[WARN] user: minh
GET /vi/admin/orders/1/edit
USE eager loading detected
  OrderDetail => [:product]
  Add to your query: .includes([:product])
Call stack
  /home/minh/Desktop/intern_ruby_2022_ecommerce/app/models/order_detail.rb:5:in `name'
  /home/minh/Desktop/intern_ruby_2022_ecommerce/app/views/admin/orders/_form.html.erb:32:in `block (2 levels) in _app_views_admin_orders__form_html_erb___219444085554923331_19880'
  /home/minh/Desktop/intern_ruby_2022_ecommerce/app/views/admin/orders/_form.html.erb:28:in `block in _app_views_admin_orders__form_html_erb___219444085554923331_19880'
  /home/minh/Desktop/intern_ruby_2022_ecommerce/app/views/admin/orders/_form.html.erb:4:in `_app_views_admin_orders__form_html_erb___219444085554923331_19880'
  /home/minh/Desktop/intern_ruby_2022_ecommerce/app/views/admin/orders/edit.html.erb:1:in `_app_views_admin_orders_edit_html_erb___3347972865598863009_19860'

2022-08-18 10:07:31[WARN] user: minh
GET /vi/admin/orders/1/edit
USE eager loading detected
  OrderDetail => [:product]
  Add to your query: .includes([:product])
Call stack
  /home/minh/Desktop/intern_ruby_2022_ecommerce/app/models/order_detail.rb:5:in `name'
  /home/minh/Desktop/intern_ruby_2022_ecommerce/app/views/admin/orders/_form.html.erb:32:in `block (2 levels) in _app_views_admin_orders__form_html_erb___219444085554923331_19880'
  /home/minh/Desktop/intern_ruby_2022_ecommerce/app/views/admin/orders/_form.html.erb:28:in `block in _app_views_admin_orders__form_html_erb___219444085554923331_19880'
  /home/minh/Desktop/intern_ruby_2022_ecommerce/app/views/admin/orders/_form.html.erb:4:in `_app_views_admin_orders__form_html_erb___219444085554923331_19880'
  /home/minh/Desktop/intern_ruby_2022_ecommerce/app/views/admin/orders/edit.html.erb:1:in `_app_views_admin_orders_edit_html_erb___3347972865598863009_19860'

2022-08-18 10:32:56[WARN] user: minh
GET /vi/admin/products/50
USE eager loading detected
  ProductImage => [:image_attachment]
  Add to your query: .includes([:image_attachment])
Call stack
  /home/minh/Desktop/intern_ruby_2022_ecommerce/app/views/admin/products/show.html.erb:58:in `block in _app_views_admin_products_show_html_erb___858012711255717447_21460'
  /home/minh/Desktop/intern_ruby_2022_ecommerce/app/views/admin/products/show.html.erb:56:in `_app_views_admin_products_show_html_erb___858012711255717447_21460'

2022-08-18 10:49:10[WARN] user: minh
GET /vi/admin/orders
USE eager loading detected
  Order => [:user]
  Add to your query: .includes([:user])
Call stack
  /home/minh/Desktop/intern_ruby_2022_ecommerce/app/views/admin/orders/_order.html.erb:3:in `_app_views_admin_orders__order_html_erb___2547458166245235044_19960'
  /home/minh/Desktop/intern_ruby_2022_ecommerce/app/views/admin/orders/index.html.erb:17:in `_app_views_admin_orders_index_html_erb___4364506902151191220_19940'

2022-08-18 10:49:52[WARN] user: minh
GET /vi/admin/orders
USE eager loading detected
  Order => [:user]
  Add to your query: .includes([:user])
Call stack
  /home/minh/Desktop/intern_ruby_2022_ecommerce/app/views/admin/orders/_order.html.erb:3:in `_app_views_admin_orders__order_html_erb___2547458166245235044_19960'
  /home/minh/Desktop/intern_ruby_2022_ecommerce/app/views/admin/orders/index.html.erb:17:in `_app_views_admin_orders_index_html_erb___4364506902151191220_19940'

2022-08-18 10:50:42[WARN] user: minh
GET /vi/admin/orders
USE eager loading detected
  Order => [:user]
  Add to your query: .includes([:user])
Call stack
  /home/minh/Desktop/intern_ruby_2022_ecommerce/app/views/admin/orders/_order.html.erb:3:in `_app_views_admin_orders__order_html_erb___2547458166245235044_22100'
  /home/minh/Desktop/intern_ruby_2022_ecommerce/app/views/admin/orders/index.html.erb:17:in `_app_views_admin_orders_index_html_erb___4364506902151191220_22080'

2022-08-18 10:51:42[WARN] user: minh
GET /vi/admin/orders
USE eager loading detected
  Order => [:user]
  Add to your query: .includes([:user])
Call stack
  /home/minh/Desktop/intern_ruby_2022_ecommerce/app/views/admin/orders/_order.html.erb:3:in `_app_views_admin_orders__order_html_erb___2547458166245235044_22460'
  /home/minh/Desktop/intern_ruby_2022_ecommerce/app/views/admin/orders/index.html.erb:17:in `_app_views_admin_orders_index_html_erb___4364506902151191220_22440'

2022-08-18 10:55:11[WARN] user: minh
GET /vi/admin/orders
USE eager loading detected
  Order => [:user]
  Add to your query: .includes([:user])
Call stack
  /home/minh/Desktop/intern_ruby_2022_ecommerce/app/views/admin/orders/_order.html.erb:3:in `_app_views_admin_orders__order_html_erb___2547458166245235044_22660'
  /home/minh/Desktop/intern_ruby_2022_ecommerce/app/views/admin/orders/index.html.erb:17:in `_app_views_admin_orders_index_html_erb___4364506902151191220_22640'

2022-08-18 10:55:30[WARN] user: minh
GET /vi/admin/orders
USE eager loading detected
  Order => [:user]
  Add to your query: .includes([:user])
Call stack
  /home/minh/Desktop/intern_ruby_2022_ecommerce/app/views/admin/orders/_order.html.erb:3:in `_app_views_admin_orders__order_html_erb___2547458166245235044_22820'
  /home/minh/Desktop/intern_ruby_2022_ecommerce/app/views/admin/orders/index.html.erb:17:in `_app_views_admin_orders_index_html_erb___4364506902151191220_22800'

2022-08-18 10:56:21[WARN] user: minh
GET /vi/admin/orders
USE eager loading detected
  Order => [:user]
  Add to your query: .includes([:user])
Call stack
  /home/minh/Desktop/intern_ruby_2022_ecommerce/app/views/admin/orders/_order.html.erb:3:in `_app_views_admin_orders__order_html_erb___2547458166245235044_23020'
  /home/minh/Desktop/intern_ruby_2022_ecommerce/app/views/admin/orders/index.html.erb:17:in `_app_views_admin_orders_index_html_erb___4364506902151191220_23000'

2022-08-18 10:56:50[WARN] user: minh
GET /vi/admin/orders
USE eager loading detected
  Order => [:user]
  Add to your query: .includes([:user])
Call stack
  /home/minh/Desktop/intern_ruby_2022_ecommerce/app/views/admin/orders/_order.html.erb:3:in `_app_views_admin_orders__order_html_erb___2547458166245235044_23220'
  /home/minh/Desktop/intern_ruby_2022_ecommerce/app/views/admin/orders/index.html.erb:17:in `_app_views_admin_orders_index_html_erb___4364506902151191220_23200'

2022-08-18 10:57:54[WARN] user: minh
GET /vi/admin/orders
USE eager loading detected
  Order => [:user]
  Add to your query: .includes([:user])
Call stack
  /home/minh/Desktop/intern_ruby_2022_ecommerce/app/views/admin/orders/_order.html.erb:3:in `_app_views_admin_orders__order_html_erb___2547458166245235044_23420'
  /home/minh/Desktop/intern_ruby_2022_ecommerce/app/views/admin/orders/index.html.erb:17:in `_app_views_admin_orders_index_html_erb___4364506902151191220_23400'

2022-08-18 10:58:04[WARN] user: minh
GET /vi/admin/orders
USE eager loading detected
  Order => [:user]
  Add to your query: .includes([:user])
Call stack
  /home/minh/Desktop/intern_ruby_2022_ecommerce/app/views/admin/orders/_order.html.erb:3:in `_app_views_admin_orders__order_html_erb___2547458166245235044_23420'
  /home/minh/Desktop/intern_ruby_2022_ecommerce/app/views/admin/orders/index.html.erb:17:in `_app_views_admin_orders_index_html_erb___4364506902151191220_23400'

2022-08-18 10:58:33[WARN] user: minh
GET /vi/admin/orders/1/edit
USE eager loading detected
  OrderDetail => [:product]
  Add to your query: .includes([:product])
Call stack
  /home/minh/Desktop/intern_ruby_2022_ecommerce/app/models/order_detail.rb:5:in `name'
  /home/minh/Desktop/intern_ruby_2022_ecommerce/app/views/admin/orders/_form.html.erb:32:in `block (2 levels) in _app_views_admin_orders__form_html_erb___3803728596949528645_23620'
  /home/minh/Desktop/intern_ruby_2022_ecommerce/app/views/admin/orders/_form.html.erb:28:in `block in _app_views_admin_orders__form_html_erb___3803728596949528645_23620'
  /home/minh/Desktop/intern_ruby_2022_ecommerce/app/views/admin/orders/_form.html.erb:4:in `_app_views_admin_orders__form_html_erb___3803728596949528645_23620'
  /home/minh/Desktop/intern_ruby_2022_ecommerce/app/views/admin/orders/edit.html.erb:1:in `_app_views_admin_orders_edit_html_erb___1406756008724963973_23600'

2022-08-18 10:58:40[WARN] user: minh
GET /vi/admin/orders
USE eager loading detected
  Order => [:user]
  Add to your query: .includes([:user])
Call stack
  /home/minh/Desktop/intern_ruby_2022_ecommerce/app/views/admin/orders/_order.html.erb:3:in `_app_views_admin_orders__order_html_erb___2547458166245235044_23420'
  /home/minh/Desktop/intern_ruby_2022_ecommerce/app/views/admin/orders/index.html.erb:17:in `_app_views_admin_orders_index_html_erb___4364506902151191220_23400'

2022-08-18 11:03:10[WARN] user: minh
GET /vi/admin/orders
USE eager loading detected
  Order => [:user]
  Add to your query: .includes([:user])
Call stack
  /home/minh/Desktop/intern_ruby_2022_ecommerce/app/views/admin/orders/_order.html.erb:3:in `_app_views_admin_orders__order_html_erb___2547458166245235044_23420'
  /home/minh/Desktop/intern_ruby_2022_ecommerce/app/views/admin/orders/index.html.erb:17:in `_app_views_admin_orders_index_html_erb___4364506902151191220_23400'

2022-08-18 11:03:27[WARN] user: minh
GET /vi/admin/orders
USE eager loading detected
  Order => [:user]
  Add to your query: .includes([:user])
Call stack
  /home/minh/Desktop/intern_ruby_2022_ecommerce/app/views/admin/orders/_order.html.erb:3:in `_app_views_admin_orders__order_html_erb___2547458166245235044_23420'
  /home/minh/Desktop/intern_ruby_2022_ecommerce/app/views/admin/orders/index.html.erb:17:in `_app_views_admin_orders_index_html_erb___4364506902151191220_23400'

2022-08-18 11:04:02[WARN] user: minh
GET /vi/admin/orders
USE eager loading detected
  Order => [:user]
  Add to your query: .includes([:user])
Call stack
  /home/minh/Desktop/intern_ruby_2022_ecommerce/app/views/admin/orders/_order.html.erb:3:in `_app_views_admin_orders__order_html_erb___2547458166245235044_23420'
  /home/minh/Desktop/intern_ruby_2022_ecommerce/app/views/admin/orders/index.html.erb:17:in `_app_views_admin_orders_index_html_erb___4364506902151191220_23400'

2022-08-18 11:04:50[WARN] user: minh
GET /vi/admin/orders/1/edit
USE eager loading detected
  OrderDetail => [:product]
  Add to your query: .includes([:product])
Call stack
  /home/minh/Desktop/intern_ruby_2022_ecommerce/app/models/order_detail.rb:5:in `name'
  /home/minh/Desktop/intern_ruby_2022_ecommerce/app/views/admin/orders/_form.html.erb:32:in `block (2 levels) in _app_views_admin_orders__form_html_erb___3803728596949528645_33720'
  /home/minh/Desktop/intern_ruby_2022_ecommerce/app/views/admin/orders/_form.html.erb:28:in `block in _app_views_admin_orders__form_html_erb___3803728596949528645_33720'
  /home/minh/Desktop/intern_ruby_2022_ecommerce/app/views/admin/orders/_form.html.erb:4:in `_app_views_admin_orders__form_html_erb___3803728596949528645_33720'
  /home/minh/Desktop/intern_ruby_2022_ecommerce/app/views/admin/orders/edit.html.erb:1:in `_app_views_admin_orders_edit_html_erb___1406756008724963973_33700'

2022-08-19 15:14:00[WARN] user: minh
GET /vi/admin/orders/1/edit
USE eager loading detected
  OrderDetail => [:product]
  Add to your query: .includes([:product])
Call stack
  /home/minh/Desktop/intern_ruby_2022_ecommerce/app/models/order_detail.rb:5:in `name'
  /home/minh/Desktop/intern_ruby_2022_ecommerce/app/views/admin/orders/_form.html.erb:32:in `block (2 levels) in _app_views_admin_orders__form_html_erb___2262702087529815934_18240'
  /home/minh/Desktop/intern_ruby_2022_ecommerce/app/views/admin/orders/_form.html.erb:28:in `block in _app_views_admin_orders__form_html_erb___2262702087529815934_18240'
  /home/minh/Desktop/intern_ruby_2022_ecommerce/app/views/admin/orders/_form.html.erb:4:in `_app_views_admin_orders__form_html_erb___2262702087529815934_18240'
  /home/minh/Desktop/intern_ruby_2022_ecommerce/app/views/admin/orders/edit.html.erb:1:in `_app_views_admin_orders_edit_html_erb___3466925821602454160_18220'

2022-08-19 15:16:05[WARN] user: minh
GET /vi/admin/orders/1/edit
USE eager loading detected
  OrderDetail => [:product]
  Add to your query: .includes([:product])
Call stack
  /home/minh/Desktop/intern_ruby_2022_ecommerce/app/models/order_detail.rb:5:in `name'
  /home/minh/Desktop/intern_ruby_2022_ecommerce/app/views/admin/orders/_form.html.erb:32:in `block (2 levels) in _app_views_admin_orders__form_html_erb___2262702087529815934_18960'
  /home/minh/Desktop/intern_ruby_2022_ecommerce/app/views/admin/orders/_form.html.erb:28:in `block in _app_views_admin_orders__form_html_erb___2262702087529815934_18960'
  /home/minh/Desktop/intern_ruby_2022_ecommerce/app/views/admin/orders/_form.html.erb:4:in `_app_views_admin_orders__form_html_erb___2262702087529815934_18960'
  /home/minh/Desktop/intern_ruby_2022_ecommerce/app/views/admin/orders/edit.html.erb:1:in `_app_views_admin_orders_edit_html_erb___3466925821602454160_18940'

2022-08-19 15:16:11[WARN] user: minh
GET /vi/admin/orders/1/edit
USE eager loading detected
  OrderDetail => [:product]
  Add to your query: .includes([:product])
Call stack
  /home/minh/Desktop/intern_ruby_2022_ecommerce/app/models/order_detail.rb:5:in `name'
  /home/minh/Desktop/intern_ruby_2022_ecommerce/app/views/admin/orders/_form.html.erb:32:in `block (2 levels) in _app_views_admin_orders__form_html_erb___2262702087529815934_18960'
  /home/minh/Desktop/intern_ruby_2022_ecommerce/app/views/admin/orders/_form.html.erb:28:in `block in _app_views_admin_orders__form_html_erb___2262702087529815934_18960'
  /home/minh/Desktop/intern_ruby_2022_ecommerce/app/views/admin/orders/_form.html.erb:4:in `_app_views_admin_orders__form_html_erb___2262702087529815934_18960'
  /home/minh/Desktop/intern_ruby_2022_ecommerce/app/views/admin/orders/edit.html.erb:1:in `_app_views_admin_orders_edit_html_erb___3466925821602454160_18940'

2022-08-20 00:46:58[WARN] user: minh
GET /vi/admin/users
USE eager loading detected
  User => [:orders]
  Add to your query: .includes([:orders])
Call stack
  /home/minh/Desktop/intern_ruby_2022_ecommerce/app/helpers/admin/user_helper.rb:10:in `count_pending'
  /home/minh/Desktop/intern_ruby_2022_ecommerce/app/views/admin/users/_user.html.erb:4:in `_app_views_admin_users__user_html_erb__4024365240143030435_34620'
  /home/minh/Desktop/intern_ruby_2022_ecommerce/app/views/admin/users/index.html.erb:14:in `_app_views_admin_users_index_html_erb___3843621753038202058_34600'

2022-08-20 00:47:59[WARN] user: minh
GET /vi/admin/users
USE eager loading detected
  User => [:orders]
  Add to your query: .includes([:orders])
Call stack
  /home/minh/Desktop/intern_ruby_2022_ecommerce/app/helpers/admin/user_helper.rb:10:in `count_pending'
  /home/minh/Desktop/intern_ruby_2022_ecommerce/app/views/admin/users/_user.html.erb:4:in `_app_views_admin_users__user_html_erb__4024365240143030435_34620'
  /home/minh/Desktop/intern_ruby_2022_ecommerce/app/views/admin/users/index.html.erb:14:in `_app_views_admin_users_index_html_erb___3843621753038202058_34600'

2022-08-20 00:49:16[WARN] user: minh
GET /vi/admin/users
USE eager loading detected
  User => [:orders]
  Add to your query: .includes([:orders])
Call stack
  /home/minh/Desktop/intern_ruby_2022_ecommerce/app/helpers/admin/user_helper.rb:10:in `count_pending'
  /home/minh/Desktop/intern_ruby_2022_ecommerce/app/views/admin/users/_user.html.erb:4:in `_app_views_admin_users__user_html_erb__4024365240143030435_40880'
  /home/minh/Desktop/intern_ruby_2022_ecommerce/app/views/admin/users/index.html.erb:14:in `_app_views_admin_users_index_html_erb___3843621753038202058_40860'

2022-08-20 00:49:43[WARN] user: minh
GET /vi/admin/users
USE eager loading detected
  User => [:orders]
  Add to your query: .includes([:orders])
Call stack
  /home/minh/Desktop/intern_ruby_2022_ecommerce/app/helpers/admin/user_helper.rb:10:in `count_pending'
  /home/minh/Desktop/intern_ruby_2022_ecommerce/app/views/admin/users/_user.html.erb:4:in `_app_views_admin_users__user_html_erb__4024365240143030435_41340'
  /home/minh/Desktop/intern_ruby_2022_ecommerce/app/views/admin/users/index.html.erb:14:in `_app_views_admin_users_index_html_erb___3843621753038202058_41300'

2022-08-20 00:49:55[WARN] user: minh
GET /vi/admin/users
USE eager loading detected
  User => [:orders]
  Add to your query: .includes([:orders])
Call stack
  /home/minh/Desktop/intern_ruby_2022_ecommerce/app/helpers/admin/user_helper.rb:10:in `count_pending'
  /home/minh/Desktop/intern_ruby_2022_ecommerce/app/views/admin/users/_user.html.erb:4:in `_app_views_admin_users__user_html_erb__4024365240143030435_41540'
  /home/minh/Desktop/intern_ruby_2022_ecommerce/app/views/admin/users/index.html.erb:14:in `_app_views_admin_users_index_html_erb___3843621753038202058_41520'

2022-08-20 00:52:05[WARN] user: minh
GET /vi/admin/users
USE eager loading detected
  User => [:orders]
  Add to your query: .includes([:orders])
Call stack
  /home/minh/Desktop/intern_ruby_2022_ecommerce/app/helpers/admin/user_helper.rb:10:in `count_pending'
  /home/minh/Desktop/intern_ruby_2022_ecommerce/app/views/admin/users/_user.html.erb:4:in `_app_views_admin_users__user_html_erb__4024365240143030435_42200'
  /home/minh/Desktop/intern_ruby_2022_ecommerce/app/views/admin/users/index.html.erb:14:in `_app_views_admin_users_index_html_erb___3843621753038202058_42160'

2022-08-20 11:22:36[WARN] user: minh
GET /vi/admin/users
USE eager loading detected
  User => [:orders]
  Add to your query: .includes([:orders])
Call stack
  /home/minh/Desktop/intern_ruby_2022_ecommerce/app/helpers/admin/user_helper.rb:10:in `count_pending'
  /home/minh/Desktop/intern_ruby_2022_ecommerce/app/views/admin/users/index.html.erb:23:in `_app_views_admin_users_index_html_erb___3948381173710807341_29500'

2022-08-20 11:22:54[WARN] user: minh
GET /vi/admin/users
USE eager loading detected
  User => [:orders]
  Add to your query: .includes([:orders])
Call stack
  /home/minh/Desktop/intern_ruby_2022_ecommerce/app/helpers/admin/user_helper.rb:10:in `count_pending'
  /home/minh/Desktop/intern_ruby_2022_ecommerce/app/views/admin/users/index.html.erb:24:in `_app_views_admin_users_index_html_erb___3948381173710807341_29780'

2022-08-20 11:23:45[WARN] user: minh
GET /vi/admin/users
USE eager loading detected
  User => [:orders]
  Add to your query: .includes([:orders])
Call stack
  /home/minh/Desktop/intern_ruby_2022_ecommerce/app/helpers/admin/user_helper.rb:10:in `count_pending'
  /home/minh/Desktop/intern_ruby_2022_ecommerce/app/views/admin/users/index.html.erb:24:in `_app_views_admin_users_index_html_erb___3948381173710807341_30080'

2022-08-20 11:25:08[WARN] user: minh
GET /vi/admin/users
USE eager loading detected
  User => [:orders]
  Add to your query: .includes([:orders])
Call stack
  /home/minh/Desktop/intern_ruby_2022_ecommerce/app/helpers/admin/user_helper.rb:10:in `count_pending'
  /home/minh/Desktop/intern_ruby_2022_ecommerce/app/views/admin/users/index.html.erb:24:in `_app_views_admin_users_index_html_erb___3948381173710807341_31000'

2022-08-20 11:25:22[WARN] user: minh
GET /vi/admin/users
USE eager loading detected
  User => [:orders]
  Add to your query: .includes([:orders])
Call stack
  /home/minh/Desktop/intern_ruby_2022_ecommerce/app/helpers/admin/user_helper.rb:10:in `count_pending'
  /home/minh/Desktop/intern_ruby_2022_ecommerce/app/views/admin/users/index.html.erb:24:in `_app_views_admin_users_index_html_erb___3948381173710807341_31300'

2022-08-20 11:25:56[WARN] user: minh
GET /vi/admin/users
USE eager loading detected
  User => [:orders]
  Add to your query: .includes([:orders])
Call stack
  /home/minh/Desktop/intern_ruby_2022_ecommerce/app/helpers/admin/user_helper.rb:10:in `count_pending'
  /home/minh/Desktop/intern_ruby_2022_ecommerce/app/views/admin/users/index.html.erb:24:in `_app_views_admin_users_index_html_erb___3948381173710807341_31600'

2022-08-20 11:26:52[WARN] user: minh
GET /vi/admin/users
USE eager loading detected
  User => [:orders]
  Add to your query: .includes([:orders])
Call stack
  /home/minh/Desktop/intern_ruby_2022_ecommerce/app/helpers/admin/user_helper.rb:10:in `count_pending'
  /home/minh/Desktop/intern_ruby_2022_ecommerce/app/views/admin/users/index.html.erb:24:in `_app_views_admin_users_index_html_erb___3948381173710807341_31900'

2022-08-20 11:27:12[WARN] user: minh
GET /vi/admin/users
USE eager loading detected
  User => [:orders]
  Add to your query: .includes([:orders])
Call stack
  /home/minh/Desktop/intern_ruby_2022_ecommerce/app/helpers/admin/user_helper.rb:10:in `count_pending'
  /home/minh/Desktop/intern_ruby_2022_ecommerce/app/views/admin/users/index.html.erb:23:in `_app_views_admin_users_index_html_erb___3948381173710807341_32160'

2022-08-20 11:27:27[WARN] user: minh
GET /vi/admin/users
USE eager loading detected
  User => [:orders]
  Add to your query: .includes([:orders])
Call stack
  /home/minh/Desktop/intern_ruby_2022_ecommerce/app/helpers/admin/user_helper.rb:10:in `count_pending'
  /home/minh/Desktop/intern_ruby_2022_ecommerce/app/views/admin/users/index.html.erb:23:in `_app_views_admin_users_index_html_erb___3948381173710807341_32440'

2022-08-20 11:28:01[WARN] user: minh
GET /vi/admin/users
USE eager loading detected
  User => [:orders]
  Add to your query: .includes([:orders])
Call stack
  /home/minh/Desktop/intern_ruby_2022_ecommerce/app/helpers/admin/user_helper.rb:10:in `count_pending'
  /home/minh/Desktop/intern_ruby_2022_ecommerce/app/views/admin/users/index.html.erb:23:in `_app_views_admin_users_index_html_erb___3948381173710807341_32860'

2022-08-20 11:29:14[WARN] user: minh
GET /vi/admin/users
USE eager loading detected
  User => [:orders]
  Add to your query: .includes([:orders])
Call stack
  /home/minh/Desktop/intern_ruby_2022_ecommerce/app/helpers/admin/user_helper.rb:10:in `count_pending'
  /home/minh/Desktop/intern_ruby_2022_ecommerce/app/views/admin/users/index.html.erb:23:in `_app_views_admin_users_index_html_erb___3948381173710807341_34620'

2022-08-20 11:29:44[WARN] user: minh
GET /vi/admin/users
USE eager loading detected
  User => [:orders]
  Add to your query: .includes([:orders])
Call stack
  /home/minh/Desktop/intern_ruby_2022_ecommerce/app/helpers/admin/user_helper.rb:10:in `count_pending'
  /home/minh/Desktop/intern_ruby_2022_ecommerce/app/views/admin/users/index.html.erb:23:in `_app_views_admin_users_index_html_erb___3948381173710807341_35000'

2022-08-20 11:30:35[WARN] user: minh
GET /vi/admin/users
USE eager loading detected
  User => [:orders]
  Add to your query: .includes([:orders])
Call stack
  /home/minh/Desktop/intern_ruby_2022_ecommerce/app/helpers/admin/user_helper.rb:10:in `count_pending'
  /home/minh/Desktop/intern_ruby_2022_ecommerce/app/views/admin/users/index.html.erb:23:in `_app_views_admin_users_index_html_erb___3948381173710807341_35300'

2022-08-20 11:31:04[WARN] user: minh
GET /vi/admin/users
USE eager loading detected
  User => [:orders]
  Add to your query: .includes([:orders])
Call stack
  /home/minh/Desktop/intern_ruby_2022_ecommerce/app/helpers/admin/user_helper.rb:10:in `count_pending'
  /home/minh/Desktop/intern_ruby_2022_ecommerce/app/views/admin/users/index.html.erb:23:in `_app_views_admin_users_index_html_erb___3948381173710807341_35600'

2022-08-20 11:31:17[WARN] user: minh
GET /vi/admin/users
USE eager loading detected
  User => [:orders]
  Add to your query: .includes([:orders])
Call stack
  /home/minh/Desktop/intern_ruby_2022_ecommerce/app/helpers/admin/user_helper.rb:10:in `count_pending'
  /home/minh/Desktop/intern_ruby_2022_ecommerce/app/views/admin/users/index.html.erb:23:in `_app_views_admin_users_index_html_erb___3948381173710807341_35860'

2022-08-20 11:31:26[WARN] user: minh
GET /vi/admin/users
USE eager loading detected
  User => [:orders]
  Add to your query: .includes([:orders])
Call stack
  /home/minh/Desktop/intern_ruby_2022_ecommerce/app/helpers/admin/user_helper.rb:10:in `count_pending'
  /home/minh/Desktop/intern_ruby_2022_ecommerce/app/views/admin/users/index.html.erb:23:in `_app_views_admin_users_index_html_erb___3948381173710807341_36120'

2022-08-20 11:31:44[WARN] user: minh
GET /vi/admin/users
USE eager loading detected
  User => [:orders]
  Add to your query: .includes([:orders])
Call stack
  /home/minh/Desktop/intern_ruby_2022_ecommerce/app/helpers/admin/user_helper.rb:10:in `count_pending'
  /home/minh/Desktop/intern_ruby_2022_ecommerce/app/views/admin/users/index.html.erb:23:in `_app_views_admin_users_index_html_erb___3948381173710807341_36380'

2022-08-20 11:32:18[WARN] user: minh
GET /vi/admin/users
USE eager loading detected
  User => [:orders]
  Add to your query: .includes([:orders])
Call stack
  /home/minh/Desktop/intern_ruby_2022_ecommerce/app/helpers/admin/user_helper.rb:10:in `count_pending'
  /home/minh/Desktop/intern_ruby_2022_ecommerce/app/views/admin/users/index.html.erb:23:in `_app_views_admin_users_index_html_erb___3948381173710807341_36680'

2022-08-20 11:34:42[WARN] user: minh
GET /vi/admin/users
USE eager loading detected
  User => [:orders]
  Add to your query: .includes([:orders])
Call stack
  /home/minh/Desktop/intern_ruby_2022_ecommerce/app/helpers/admin/user_helper.rb:10:in `count_pending'
  /home/minh/Desktop/intern_ruby_2022_ecommerce/app/views/admin/users/index.html.erb:23:in `_app_views_admin_users_index_html_erb___3948381173710807341_36980'

2022-08-20 11:35:25[WARN] user: minh
GET /vi/admin/users
USE eager loading detected
  User => [:orders]
  Add to your query: .includes([:orders])
Call stack
  /home/minh/Desktop/intern_ruby_2022_ecommerce/app/helpers/admin/user_helper.rb:10:in `count_pending'
  /home/minh/Desktop/intern_ruby_2022_ecommerce/app/views/admin/users/index.html.erb:23:in `_app_views_admin_users_index_html_erb___3948381173710807341_37280'

2022-08-20 11:36:06[WARN] user: minh
GET /vi/admin/users
USE eager loading detected
  User => [:orders]
  Add to your query: .includes([:orders])
Call stack
  /home/minh/Desktop/intern_ruby_2022_ecommerce/app/helpers/admin/user_helper.rb:10:in `count_pending'
  /home/minh/Desktop/intern_ruby_2022_ecommerce/app/views/admin/users/index.html.erb:23:in `_app_views_admin_users_index_html_erb___3948381173710807341_37580'

2022-08-20 11:36:18[WARN] user: minh
GET /vi/admin/users
USE eager loading detected
  User => [:orders]
  Add to your query: .includes([:orders])
Call stack
  /home/minh/Desktop/intern_ruby_2022_ecommerce/app/helpers/admin/user_helper.rb:10:in `count_pending'
  /home/minh/Desktop/intern_ruby_2022_ecommerce/app/views/admin/users/index.html.erb:23:in `_app_views_admin_users_index_html_erb___3948381173710807341_37840'

2022-08-20 11:39:07[WARN] user: minh
GET /vi/admin/users
USE eager loading detected
  User => [:orders]
  Add to your query: .includes([:orders])
Call stack
  /home/minh/Desktop/intern_ruby_2022_ecommerce/app/helpers/admin/user_helper.rb:10:in `count_pending'
  /home/minh/Desktop/intern_ruby_2022_ecommerce/app/views/admin/users/index.html.erb:23:in `_app_views_admin_users_index_html_erb___3948381173710807341_37840'

2022-08-20 11:39:19[WARN] user: minh
GET /vi/admin/users
USE eager loading detected
  User => [:orders]
  Add to your query: .includes([:orders])
Call stack
  /home/minh/Desktop/intern_ruby_2022_ecommerce/app/helpers/admin/user_helper.rb:10:in `count_pending'
  /home/minh/Desktop/intern_ruby_2022_ecommerce/app/views/admin/users/index.html.erb:23:in `_app_views_admin_users_index_html_erb___3948381173710807341_37840'

2022-08-20 21:20:28[WARN] user: minh
GET /vi/admin/users/2
USE eager loading detected
  Rating => [:product]
  Add to your query: .includes([:product])
Call stack
  /home/minh/Desktop/intern_ruby_2022_ecommerce/app/views/admin/users/_rating.html.erb:19:in `block in _app_views_admin_users__rating_html_erb__3481263288104247861_20120'
  /home/minh/Desktop/intern_ruby_2022_ecommerce/app/views/admin/users/_rating.html.erb:13:in `_app_views_admin_users__rating_html_erb__3481263288104247861_20120'
  /home/minh/Desktop/intern_ruby_2022_ecommerce/app/views/admin/users/show.html.erb:17:in `_app_views_admin_users_show_html_erb___1355420207321792858_20060'

2022-08-20 21:25:48[WARN] user: minh
GET /vi/admin/users/2
USE eager loading detected
  Rating => [:product]
  Add to your query: .includes([:product])
Call stack
  /home/minh/Desktop/intern_ruby_2022_ecommerce/app/views/admin/users/_rating.html.erb:19:in `block in _app_views_admin_users__rating_html_erb__3481263288104247861_21400'
  /home/minh/Desktop/intern_ruby_2022_ecommerce/app/views/admin/users/_rating.html.erb:13:in `_app_views_admin_users__rating_html_erb__3481263288104247861_21400'
  /home/minh/Desktop/intern_ruby_2022_ecommerce/app/views/admin/users/show.html.erb:17:in `_app_views_admin_users_show_html_erb___1355420207321792858_21340'

2022-08-21 00:12:12[WARN] user: minh
GET /vi/admin/products/49
USE eager loading detected
  ProductImage => [:image_attachment]
  Add to your query: .includes([:image_attachment])
Call stack
  /home/minh/Desktop/intern_ruby_2022_ecommerce/app/views/admin/products/_images.html.erb:7:in `block in _app_views_admin_products__images_html_erb__323701125763463557_23120'
  /home/minh/Desktop/intern_ruby_2022_ecommerce/app/views/admin/products/_images.html.erb:5:in `_app_views_admin_products__images_html_erb__323701125763463557_23120'
  /home/minh/Desktop/intern_ruby_2022_ecommerce/app/views/admin/products/show.html.erb:41:in `_app_views_admin_products_show_html_erb__3763763408941145135_23100'

2022-08-21 00:14:19[WARN] user: minh
GET /vi/admin/products/49
USE eager loading detected
  ProductImage => [:image_attachment]
  Add to your query: .includes([:image_attachment])
Call stack
  /home/minh/Desktop/intern_ruby_2022_ecommerce/app/views/admin/products/_images.html.erb:7:in `block in _app_views_admin_products__images_html_erb__323701125763463557_23460'
  /home/minh/Desktop/intern_ruby_2022_ecommerce/app/views/admin/products/_images.html.erb:5:in `_app_views_admin_products__images_html_erb__323701125763463557_23460'
  /home/minh/Desktop/intern_ruby_2022_ecommerce/app/views/admin/products/show.html.erb:41:in `_app_views_admin_products_show_html_erb__3763763408941145135_23440'

2022-08-21 00:15:00[WARN] user: minh
GET /vi/admin/products/49
USE eager loading detected
  ProductImage => [:image_attachment]
  Add to your query: .includes([:image_attachment])
Call stack
  /home/minh/Desktop/intern_ruby_2022_ecommerce/app/views/admin/products/_images.html.erb:7:in `block in _app_views_admin_products__images_html_erb__323701125763463557_23860'
  /home/minh/Desktop/intern_ruby_2022_ecommerce/app/views/admin/products/_images.html.erb:5:in `_app_views_admin_products__images_html_erb__323701125763463557_23860'
  /home/minh/Desktop/intern_ruby_2022_ecommerce/app/views/admin/products/show.html.erb:41:in `_app_views_admin_products_show_html_erb__3763763408941145135_23840'

2022-08-21 00:17:39[WARN] user: minh
GET /vi/admin/products/49
USE eager loading detected
  ProductImage => [:image_attachment]
  Add to your query: .includes([:image_attachment])
Call stack
  /home/minh/Desktop/intern_ruby_2022_ecommerce/app/views/admin/products/_images.html.erb:7:in `block in _app_views_admin_products__images_html_erb__323701125763463557_24220'
  /home/minh/Desktop/intern_ruby_2022_ecommerce/app/views/admin/products/_images.html.erb:5:in `_app_views_admin_products__images_html_erb__323701125763463557_24220'
  /home/minh/Desktop/intern_ruby_2022_ecommerce/app/views/admin/products/show.html.erb:41:in `_app_views_admin_products_show_html_erb__3763763408941145135_24200'

2022-08-21 00:18:22[WARN] user: minh
PATCH /vi/admin/products/49
USE eager loading detected
  ProductImage => [:image_attachment]
  Add to your query: .includes([:image_attachment])
Call stack
  /home/minh/Desktop/intern_ruby_2022_ecommerce/app/controllers/admin/products_controller.rb:23:in `update'

2022-08-21 00:18:22[WARN] user: minh
PATCH /vi/admin/products/49
USE eager loading detected
  ProductImage => [:image_blob]
  Add to your query: .includes([:image_blob])
Call stack
  /home/minh/Desktop/intern_ruby_2022_ecommerce/app/controllers/admin/products_controller.rb:23:in `update'

2022-08-21 00:18:23[WARN] user: minh
GET /vi/admin/products/49
USE eager loading detected
  ProductImage => [:image_attachment]
  Add to your query: .includes([:image_attachment])
Call stack
  /home/minh/Desktop/intern_ruby_2022_ecommerce/app/views/admin/products/_images.html.erb:7:in `block in _app_views_admin_products__images_html_erb__323701125763463557_25280'
  /home/minh/Desktop/intern_ruby_2022_ecommerce/app/views/admin/products/_images.html.erb:5:in `_app_views_admin_products__images_html_erb__323701125763463557_25280'
  /home/minh/Desktop/intern_ruby_2022_ecommerce/app/views/admin/products/show.html.erb:41:in `_app_views_admin_products_show_html_erb__3763763408941145135_25260'

2022-08-21 00:19:52[WARN] user: minh
GET /vi/admin/products/49
USE eager loading detected
  ProductImage => [:image_attachment]
  Add to your query: .includes([:image_attachment])
Call stack
  /home/minh/Desktop/intern_ruby_2022_ecommerce/app/views/admin/products/_images.html.erb:7:in `block in _app_views_admin_products__images_html_erb__323701125763463557_25820'
  /home/minh/Desktop/intern_ruby_2022_ecommerce/app/views/admin/products/_images.html.erb:5:in `_app_views_admin_products__images_html_erb__323701125763463557_25820'
  /home/minh/Desktop/intern_ruby_2022_ecommerce/app/views/admin/products/show.html.erb:41:in `_app_views_admin_products_show_html_erb__3763763408941145135_25800'

2022-08-21 00:20:16[WARN] user: minh
GET /vi/admin/products/49
USE eager loading detected
  ProductImage => [:image_attachment]
  Add to your query: .includes([:image_attachment])
Call stack
  /home/minh/Desktop/intern_ruby_2022_ecommerce/app/views/admin/products/_images.html.erb:10:in `block in _app_views_admin_products__images_html_erb__323701125763463557_26180'
  /home/minh/Desktop/intern_ruby_2022_ecommerce/app/views/admin/products/_images.html.erb:7:in `_app_views_admin_products__images_html_erb__323701125763463557_26180'
  /home/minh/Desktop/intern_ruby_2022_ecommerce/app/views/admin/products/show.html.erb:41:in `_app_views_admin_products_show_html_erb__3763763408941145135_26160'

2022-08-21 00:22:04[WARN] user: minh
GET /vi/admin/products/49
USE eager loading detected
  ProductImage => [:image_attachment]
  Add to your query: .includes([:image_attachment])
Call stack
  /home/minh/Desktop/intern_ruby_2022_ecommerce/app/views/admin/products/_images.html.erb:10:in `block in _app_views_admin_products__images_html_erb__323701125763463557_26500'
  /home/minh/Desktop/intern_ruby_2022_ecommerce/app/views/admin/products/_images.html.erb:7:in `_app_views_admin_products__images_html_erb__323701125763463557_26500'
  /home/minh/Desktop/intern_ruby_2022_ecommerce/app/views/admin/products/show.html.erb:41:in `_app_views_admin_products_show_html_erb__3763763408941145135_26480'

2022-08-21 00:22:27[WARN] user: minh
GET /vi/admin/products/49
USE eager loading detected
  ProductImage => [:image_attachment]
  Add to your query: .includes([:image_attachment])
Call stack
  /home/minh/Desktop/intern_ruby_2022_ecommerce/app/views/admin/products/_images.html.erb:11:in `block in _app_views_admin_products__images_html_erb__323701125763463557_26780'
  /home/minh/Desktop/intern_ruby_2022_ecommerce/app/views/admin/products/_images.html.erb:7:in `_app_views_admin_products__images_html_erb__323701125763463557_26780'
  /home/minh/Desktop/intern_ruby_2022_ecommerce/app/views/admin/products/show.html.erb:41:in `_app_views_admin_products_show_html_erb__3763763408941145135_26760'

2022-08-21 00:24:47[WARN] user: minh
GET /vi/admin/products/49
USE eager loading detected
  ProductImage => [:image_attachment]
  Add to your query: .includes([:image_attachment])
Call stack
  /home/minh/Desktop/intern_ruby_2022_ecommerce/app/views/admin/products/_images.html.erb:10:in `block in _app_views_admin_products__images_html_erb__323701125763463557_27640'
  /home/minh/Desktop/intern_ruby_2022_ecommerce/app/views/admin/products/_images.html.erb:7:in `_app_views_admin_products__images_html_erb__323701125763463557_27640'
  /home/minh/Desktop/intern_ruby_2022_ecommerce/app/views/admin/products/show.html.erb:41:in `_app_views_admin_products_show_html_erb__3763763408941145135_27620'

2022-08-21 00:25:10[WARN] user: minh
GET /vi/admin/products/49
USE eager loading detected
  ProductImage => [:image_attachment]
  Add to your query: .includes([:image_attachment])
Call stack
  /home/minh/Desktop/intern_ruby_2022_ecommerce/app/views/admin/products/_images.html.erb:10:in `block in _app_views_admin_products__images_html_erb__323701125763463557_28000'
  /home/minh/Desktop/intern_ruby_2022_ecommerce/app/views/admin/products/_images.html.erb:7:in `_app_views_admin_products__images_html_erb__323701125763463557_28000'
  /home/minh/Desktop/intern_ruby_2022_ecommerce/app/views/admin/products/show.html.erb:41:in `_app_views_admin_products_show_html_erb__3763763408941145135_27980'

2022-08-21 00:25:49[WARN] user: minh
GET /vi/admin/products/49
USE eager loading detected
  ProductImage => [:image_attachment]
  Add to your query: .includes([:image_attachment])
Call stack
  /home/minh/Desktop/intern_ruby_2022_ecommerce/app/views/admin/products/_images.html.erb:10:in `block in _app_views_admin_products__images_html_erb__323701125763463557_28320'
  /home/minh/Desktop/intern_ruby_2022_ecommerce/app/views/admin/products/_images.html.erb:7:in `_app_views_admin_products__images_html_erb__323701125763463557_28320'
  /home/minh/Desktop/intern_ruby_2022_ecommerce/app/views/admin/products/show.html.erb:41:in `_app_views_admin_products_show_html_erb__3763763408941145135_28300'

2022-08-21 00:26:55[WARN] user: minh
GET /vi/admin/products/54
USE eager loading detected
  ProductImage => [:image_attachment]
  Add to your query: .includes([:image_attachment])
Call stack
  /home/minh/Desktop/intern_ruby_2022_ecommerce/app/views/admin/products/_images.html.erb:10:in `block in _app_views_admin_products__images_html_erb__323701125763463557_28320'
  /home/minh/Desktop/intern_ruby_2022_ecommerce/app/views/admin/products/_images.html.erb:7:in `_app_views_admin_products__images_html_erb__323701125763463557_28320'
  /home/minh/Desktop/intern_ruby_2022_ecommerce/app/views/admin/products/show.html.erb:41:in `_app_views_admin_products_show_html_erb__3763763408941145135_28300'

2022-08-21 00:27:25[WARN] user: minh
PATCH /vi/admin/products/54
USE eager loading detected
  ProductImage => [:image_attachment]
  Add to your query: .includes([:image_attachment])
Call stack
  /home/minh/Desktop/intern_ruby_2022_ecommerce/app/controllers/admin/products_controller.rb:23:in `update'

2022-08-21 00:27:26[WARN] user: minh
GET /vi/admin/products/54
USE eager loading detected
  ProductImage => [:image_attachment]
  Add to your query: .includes([:image_attachment])
Call stack
  /home/minh/Desktop/intern_ruby_2022_ecommerce/app/views/admin/products/_images.html.erb:10:in `block in _app_views_admin_products__images_html_erb__323701125763463557_28320'
  /home/minh/Desktop/intern_ruby_2022_ecommerce/app/views/admin/products/_images.html.erb:7:in `_app_views_admin_products__images_html_erb__323701125763463557_28320'
  /home/minh/Desktop/intern_ruby_2022_ecommerce/app/views/admin/products/show.html.erb:41:in `_app_views_admin_products_show_html_erb__3763763408941145135_28300'

2022-08-21 00:28:22[WARN] user: minh
GET /vi/admin/products/54
USE eager loading detected
  ActiveStorage::Attachment => [:blob]
  Add to your query: .includes([:blob])
Call stack
  /home/minh/Desktop/intern_ruby_2022_ecommerce/app/views/admin/products/_images.html.erb:10:in `block in _app_views_admin_products__images_html_erb__323701125763463557_30200'
  /home/minh/Desktop/intern_ruby_2022_ecommerce/app/views/admin/products/_images.html.erb:7:in `_app_views_admin_products__images_html_erb__323701125763463557_30200'
  /home/minh/Desktop/intern_ruby_2022_ecommerce/app/views/admin/products/show.html.erb:41:in `_app_views_admin_products_show_html_erb__3763763408941145135_30180'

2022-08-21 00:29:55[WARN] user: minh
GET /vi/admin/products/54
USE eager loading detected
  ActiveStorage::Attachment => [:blob]
  Add to your query: .includes([:blob])
Call stack
  /home/minh/Desktop/intern_ruby_2022_ecommerce/app/views/admin/products/_images.html.erb:7:in `_app_views_admin_products__images_html_erb__323701125763463557_32920'
  /home/minh/Desktop/intern_ruby_2022_ecommerce/app/views/admin/products/show.html.erb:41:in `_app_views_admin_products_show_html_erb__3763763408941145135_32900'

2022-08-21 00:29:55[WARN] user: minh
GET /vi/admin/products/54
AVOID eager loading detected
  ProductImage => ["image_attachment", "image_blob", :image_blob]
  Remove from your query: .includes([:image_attachment, :image_blob, :image_blob])
Call stack

2022-08-21 00:32:18[WARN] user: minh
GET /vi/admin/products/54
USE eager loading detected
  ActiveStorage::Attachment => [:blob]
  Add to your query: .includes([:blob])
Call stack
  /home/minh/Desktop/intern_ruby_2022_ecommerce/app/views/admin/products/_images.html.erb:10:in `block in _app_views_admin_products__images_html_erb__323701125763463557_33920'
  /home/minh/Desktop/intern_ruby_2022_ecommerce/app/views/admin/products/_images.html.erb:7:in `_app_views_admin_products__images_html_erb__323701125763463557_33920'
  /home/minh/Desktop/intern_ruby_2022_ecommerce/app/views/admin/products/show.html.erb:41:in `_app_views_admin_products_show_html_erb__3763763408941145135_33900'

2022-08-21 00:37:25[WARN] user: minh
GET /vi/admin/products/54
USE eager loading detected
  ActiveStorage::Attachment => [:blob]
  Add to your query: .includes([:blob])
Call stack
  /home/minh/Desktop/intern_ruby_2022_ecommerce/app/views/admin/products/_images.html.erb:7:in `_app_views_admin_products__images_html_erb__323701125763463557_34300'
  /home/minh/Desktop/intern_ruby_2022_ecommerce/app/views/admin/products/show.html.erb:41:in `_app_views_admin_products_show_html_erb__3763763408941145135_34280'

2022-08-21 00:37:25[WARN] user: minh
GET /vi/admin/products/54
AVOID eager loading detected
  ProductImage => [:image_blob]
  Remove from your query: .includes([:image_blob])
Call stack

2022-08-21 00:37:32[WARN] user: minh
GET /vi/admin/products/54
USE eager loading detected
  ActiveStorage::Attachment => [:blob]
  Add to your query: .includes([:blob])
Call stack
  /home/minh/Desktop/intern_ruby_2022_ecommerce/app/views/admin/products/_images.html.erb:7:in `_app_views_admin_products__images_html_erb__323701125763463557_34300'
  /home/minh/Desktop/intern_ruby_2022_ecommerce/app/views/admin/products/show.html.erb:41:in `_app_views_admin_products_show_html_erb__3763763408941145135_34280'

2022-08-21 00:37:32[WARN] user: minh
GET /vi/admin/products/54
AVOID eager loading detected
  ProductImage => [:image_blob]
  Remove from your query: .includes([:image_blob])
Call stack

2022-08-21 00:38:03[WARN] user: minh
GET /vi/admin/products/54
USE eager loading detected
  ActiveStorage::Attachment => [:blob]
  Add to your query: .includes([:blob])
Call stack
  /home/minh/Desktop/intern_ruby_2022_ecommerce/app/views/admin/products/_images.html.erb:10:in `block in _app_views_admin_products__images_html_erb__323701125763463557_35380'
  /home/minh/Desktop/intern_ruby_2022_ecommerce/app/views/admin/products/_images.html.erb:7:in `_app_views_admin_products__images_html_erb__323701125763463557_35380'
  /home/minh/Desktop/intern_ruby_2022_ecommerce/app/views/admin/products/show.html.erb:41:in `_app_views_admin_products_show_html_erb__3763763408941145135_35360'

2022-08-21 00:41:16[WARN] user: minh
GET /vi/admin/products/54
USE eager loading detected
  ActiveStorage::Attachment => [:blob]
  Add to your query: .includes([:blob])
Call stack
  /home/minh/Desktop/intern_ruby_2022_ecommerce/app/views/admin/products/_images.html.erb:10:in `block in _app_views_admin_products__images_html_erb__323701125763463557_36400'
  /home/minh/Desktop/intern_ruby_2022_ecommerce/app/views/admin/products/_images.html.erb:7:in `_app_views_admin_products__images_html_erb__323701125763463557_36400'
  /home/minh/Desktop/intern_ruby_2022_ecommerce/app/views/admin/products/show.html.erb:41:in `_app_views_admin_products_show_html_erb__3763763408941145135_36380'

2022-08-21 00:44:19[WARN] user: minh
GET /vi/admin/products/54
USE eager loading detected
  ActiveStorage::Attachment => [:blob]
  Add to your query: .includes([:blob])
Call stack
  /home/minh/Desktop/intern_ruby_2022_ecommerce/app/views/admin/products/_images.html.erb:10:in `block in _app_views_admin_products__images_html_erb__323701125763463557_37420'
  /home/minh/Desktop/intern_ruby_2022_ecommerce/app/views/admin/products/_images.html.erb:7:in `_app_views_admin_products__images_html_erb__323701125763463557_37420'
  /home/minh/Desktop/intern_ruby_2022_ecommerce/app/views/admin/products/show.html.erb:41:in `_app_views_admin_products_show_html_erb__3763763408941145135_37400'

2022-08-21 13:06:21[WARN] user: minh
GET /vi/admin/users/3
USE eager loading detected
  Rating => [:product]
  Add to your query: .includes([:product])
Call stack
  /home/minh/Desktop/intern_ruby_2022_ecommerce/app/views/admin/users/_rating.html.erb:23:in `block in _app_views_admin_users__rating_html_erb__4593563850662643404_20240'
  /home/minh/Desktop/intern_ruby_2022_ecommerce/app/views/admin/users/_rating.html.erb:17:in `_app_views_admin_users__rating_html_erb__4593563850662643404_20240'
  /home/minh/Desktop/intern_ruby_2022_ecommerce/app/views/admin/users/show.html.erb:17:in `_app_views_admin_users_show_html_erb___1047101907123978976_20180'

2022-08-21 13:17:15[WARN] user: minh
PATCH /vi/admin/orders/1
USE eager loading detected
  OrderDetail => [:product]
  Add to your query: .includes([:product])
Call stack
  /home/minh/Desktop/intern_ruby_2022_ecommerce/app/controllers/admin/orders_controller.rb:18:in `block in update'
  /home/minh/Desktop/intern_ruby_2022_ecommerce/app/controllers/admin/orders_controller.rb:17:in `update'

2022-08-21 13:23:10[WARN] user: minh
PATCH /vi/admin/orders/1
USE eager loading detected
  OrderDetail => [:product]
  Add to your query: .includes([:product])
Call stack
  /home/minh/Desktop/intern_ruby_2022_ecommerce/app/controllers/admin/orders_controller.rb:25:in `block in update'
  /home/minh/Desktop/intern_ruby_2022_ecommerce/app/controllers/admin/orders_controller.rb:24:in `update'

2022-08-21 13:43:43[WARN] user: minh
PATCH /vi/admin/orders/2
USE eager loading detected
  OrderDetail => [:product]
  Add to your query: .includes([:product])
Call stack
  /home/minh/Desktop/intern_ruby_2022_ecommerce/app/controllers/admin/orders_controller.rb:25:in `block in update'
  /home/minh/Desktop/intern_ruby_2022_ecommerce/app/controllers/admin/orders_controller.rb:24:in `update'

2022-08-21 13:47:30[WARN] user: minh
GET /vi/admin/users/4
USE eager loading detected
  Rating => [:product]
  Add to your query: .includes([:product])
Call stack
  /home/minh/Desktop/intern_ruby_2022_ecommerce/app/views/admin/users/_rating.html.erb:23:in `block in _app_views_admin_users__rating_html_erb__3643707152230803061_23920'
  /home/minh/Desktop/intern_ruby_2022_ecommerce/app/views/admin/users/_rating.html.erb:17:in `_app_views_admin_users__rating_html_erb__3643707152230803061_23920'
  /home/minh/Desktop/intern_ruby_2022_ecommerce/app/views/admin/users/show.html.erb:17:in `_app_views_admin_users_show_html_erb___3765403388942466234_23880'

2022-08-21 13:47:41[WARN] user: minh
GET /vi/admin/users/5
USE eager loading detected
  Rating => [:product]
  Add to your query: .includes([:product])
Call stack
  /home/minh/Desktop/intern_ruby_2022_ecommerce/app/views/admin/users/_rating.html.erb:23:in `block in _app_views_admin_users__rating_html_erb__3643707152230803061_23920'
  /home/minh/Desktop/intern_ruby_2022_ecommerce/app/views/admin/users/_rating.html.erb:17:in `_app_views_admin_users__rating_html_erb__3643707152230803061_23920'
  /home/minh/Desktop/intern_ruby_2022_ecommerce/app/views/admin/users/show.html.erb:17:in `_app_views_admin_users_show_html_erb___3765403388942466234_23880'

2022-08-21 13:52:07[WARN] user: minh
GET /vi/admin/users/1
USE eager loading detected
  Rating => [:product]
  Add to your query: .includes([:product])
Call stack
  /home/minh/Desktop/intern_ruby_2022_ecommerce/app/views/admin/users/_rating.html.erb:23:in `block in _app_views_admin_users__rating_html_erb__1152327114403099303_18400'
  /home/minh/Desktop/intern_ruby_2022_ecommerce/app/views/admin/users/_rating.html.erb:17:in `_app_views_admin_users__rating_html_erb__1152327114403099303_18400'
  /home/minh/Desktop/intern_ruby_2022_ecommerce/app/views/admin/users/show.html.erb:17:in `_app_views_admin_users_show_html_erb___2171467731237977297_18280'

2022-08-21 13:52:20[WARN] user: minh
GET /vi/admin/users/3
USE eager loading detected
  Rating => [:product]
  Add to your query: .includes([:product])
Call stack
  /home/minh/Desktop/intern_ruby_2022_ecommerce/app/views/admin/users/_rating.html.erb:23:in `block in _app_views_admin_users__rating_html_erb__1152327114403099303_18400'
  /home/minh/Desktop/intern_ruby_2022_ecommerce/app/views/admin/users/_rating.html.erb:17:in `_app_views_admin_users__rating_html_erb__1152327114403099303_18400'
  /home/minh/Desktop/intern_ruby_2022_ecommerce/app/views/admin/users/show.html.erb:17:in `_app_views_admin_users_show_html_erb___2171467731237977297_18280'

2022-08-21 13:52:26[WARN] user: minh
GET /vi/admin/users/4
USE eager loading detected
  Rating => [:product]
  Add to your query: .includes([:product])
Call stack
  /home/minh/Desktop/intern_ruby_2022_ecommerce/app/views/admin/users/_rating.html.erb:23:in `block in _app_views_admin_users__rating_html_erb__1152327114403099303_18400'
  /home/minh/Desktop/intern_ruby_2022_ecommerce/app/views/admin/users/_rating.html.erb:17:in `_app_views_admin_users__rating_html_erb__1152327114403099303_18400'
  /home/minh/Desktop/intern_ruby_2022_ecommerce/app/views/admin/users/show.html.erb:17:in `_app_views_admin_users_show_html_erb___2171467731237977297_18280'

2022-08-21 13:54:46[WARN] user: minh
PATCH /vi/admin/products/56
USE eager loading detected
  ProductImage => [:image_attachment]
  Add to your query: .includes([:image_attachment])
Call stack
  /home/minh/Desktop/intern_ruby_2022_ecommerce/app/controllers/admin/products_controller.rb:23:in `update'

2022-08-22 00:44:46[WARN] user: minh
GET /vi/admin/users/1
USE eager loading detected
  Rating => [:product]
  Add to your query: .includes([:product])
Call stack
  /home/minh/Desktop/intern_ruby_2022_ecommerce/app/views/admin/users/_rating.html.erb:23:in `block in _app_views_admin_users__rating_html_erb___897545343895392238_31460'
  /home/minh/Desktop/intern_ruby_2022_ecommerce/app/views/admin/users/_rating.html.erb:17:in `_app_views_admin_users__rating_html_erb___897545343895392238_31460'
  /home/minh/Desktop/intern_ruby_2022_ecommerce/app/views/admin/users/show.html.erb:17:in `_app_views_admin_users_show_html_erb__1355408719935635740_31400'

2022-08-22 14:26:22[WARN] user: minh
GET /vi/admin/users/1
USE eager loading detected
  Rating => [:product]
  Add to your query: .includes([:product])
Call stack
  /home/minh/Desktop/intern_ruby_2022_ecommerce/app/views/admin/users/_rating.html.erb:23:in `block in _app_views_admin_users__rating_html_erb__4013299886959234563_20340'
  /home/minh/Desktop/intern_ruby_2022_ecommerce/app/views/admin/users/_rating.html.erb:17:in `_app_views_admin_users__rating_html_erb__4013299886959234563_20340'
  /home/minh/Desktop/intern_ruby_2022_ecommerce/app/views/admin/users/show.html.erb:17:in `_app_views_admin_users_show_html_erb__1903341229412182564_20280'

2022-08-22 14:44:33[WARN] user: minh
PATCH /vi/admin/orders/1
USE eager loading detected
  OrderDetail => [:product]
  Add to your query: .includes([:product])
Call stack
  /home/minh/Desktop/intern_ruby_2022_ecommerce/app/controllers/admin/orders_controller.rb:18:in `block in update'
  /home/minh/Desktop/intern_ruby_2022_ecommerce/app/controllers/admin/orders_controller.rb:17:in `update'

2022-08-22 14:45:39[WARN] user: minh
PATCH /vi/admin/orders/1
USE eager loading detected
  OrderDetail => [:product]
  Add to your query: .includes([:product])
Call stack
  /home/minh/Desktop/intern_ruby_2022_ecommerce/app/controllers/admin/orders_controller.rb:25:in `block in update'
  /home/minh/Desktop/intern_ruby_2022_ecommerce/app/controllers/admin/orders_controller.rb:24:in `update'

2022-08-22 14:56:57[WARN] user: minh
PATCH /vi/admin/orders/11
USE eager loading detected
  OrderDetail => [:product]
  Add to your query: .includes([:product])
Call stack
  /home/minh/Desktop/intern_ruby_2022_ecommerce/app/controllers/admin/orders_controller.rb:18:in `block in update'
  /home/minh/Desktop/intern_ruby_2022_ecommerce/app/controllers/admin/orders_controller.rb:17:in `update'

2022-08-22 14:57:25[WARN] user: minh
PATCH /vi/admin/orders/11
USE eager loading detected
  OrderDetail => [:product]
  Add to your query: .includes([:product])
Call stack
  /home/minh/Desktop/intern_ruby_2022_ecommerce/app/controllers/admin/orders_controller.rb:25:in `block in update'
  /home/minh/Desktop/intern_ruby_2022_ecommerce/app/controllers/admin/orders_controller.rb:24:in `update'

2022-08-22 14:58:13[WARN] user: minh
PATCH /vi/admin/orders/13
USE eager loading detected
  OrderDetail => [:product]
  Add to your query: .includes([:product])
Call stack
  /home/minh/Desktop/intern_ruby_2022_ecommerce/app/controllers/admin/orders_controller.rb:18:in `block in update'
  /home/minh/Desktop/intern_ruby_2022_ecommerce/app/controllers/admin/orders_controller.rb:17:in `update'

2022-08-23 09:18:17[WARN] user: minh
GET /vi/admin/orders
USE eager loading detected
  Order => [:user]
  Add to your query: .includes([:user])
Call stack
  /home/minh/Desktop/intern_ruby_2022_ecommerce/app/views/admin/orders/_order.html.erb:3:in `_app_views_admin_orders__order_html_erb___178237064217610340_18200'
  /home/minh/Desktop/intern_ruby_2022_ecommerce/app/views/admin/orders/index.html.erb:17:in `_app_views_admin_orders_index_html_erb___3694246428095031880_18180'

2022-08-23 10:33:54[WARN] user: minh
GET /vi/admin/categories
USE eager loading detected
  Category => [:category]
  Add to your query: .includes([:category])
Call stack
  /home/minh/Desktop/intern_ruby_2022_ecommerce/app/helpers/admin/category_helper.rb:3:in `find_parent'
  /home/minh/Desktop/intern_ruby_2022_ecommerce/app/views/admin/categories/_category.html.erb:3:in `_app_views_admin_categories__category_html_erb__90592968482326621_17360'
  /home/minh/Desktop/intern_ruby_2022_ecommerce/app/views/admin/categories/index.html.erb:13:in `_app_views_admin_categories_index_html_erb__2966576774058050639_17260'

2022-08-23 10:34:11[WARN] user: minh
GET /vi/admin/categories
USE eager loading detected
  Category => [:category]
  Add to your query: .includes([:category])
Call stack
  /home/minh/Desktop/intern_ruby_2022_ecommerce/app/helpers/admin/category_helper.rb:3:in `find_parent'
  /home/minh/Desktop/intern_ruby_2022_ecommerce/app/views/admin/categories/_category.html.erb:3:in `_app_views_admin_categories__category_html_erb__90592968482326621_17360'
  /home/minh/Desktop/intern_ruby_2022_ecommerce/app/views/admin/categories/index.html.erb:13:in `_app_views_admin_categories_index_html_erb__2966576774058050639_17260'

2022-08-23 14:32:00[WARN] user: minh
GET /vi/admin/products/41
USE eager loading detected
  ProductImage => [:image_attachment]
  Add to your query: .includes([:image_attachment])
Call stack
  /home/minh/Desktop/intern_ruby_2022_ecommerce/app/views/admin/products/show.html.erb:57:in `block in _app_views_admin_products_show_html_erb__3725335745860022906_20760'
  /home/minh/Desktop/intern_ruby_2022_ecommerce/app/views/admin/products/show.html.erb:55:in `_app_views_admin_products_show_html_erb__3725335745860022906_20760'

2022-08-23 14:32:32[WARN] user: minh
PATCH /vi/admin/products/41
USE eager loading detected
  ProductImage => [:image_attachment]
  Add to your query: .includes([:image_attachment])
Call stack
  /home/minh/Desktop/intern_ruby_2022_ecommerce/app/controllers/admin/products_controller.rb:27:in `update'

2022-08-23 14:34:54[WARN] user: minh
GET /vi/admin/products/41
USE eager loading detected
  ProductImage => [:image_attachment]
  Add to your query: .includes([:image_attachment])
Call stack
  /home/minh/Desktop/intern_ruby_2022_ecommerce/app/views/admin/products/show.html.erb:57:in `block in _app_views_admin_products_show_html_erb__3725335745860022906_20760'
  /home/minh/Desktop/intern_ruby_2022_ecommerce/app/views/admin/products/show.html.erb:55:in `_app_views_admin_products_show_html_erb__3725335745860022906_20760'

2022-08-23 14:37:34[WARN] user: minh
GET /vi/admin/products/41
USE eager loading detected
  ProductImage => [:image_attachment]
  Add to your query: .includes([:image_attachment])
Call stack
  /home/minh/Desktop/intern_ruby_2022_ecommerce/app/views/admin/products/show.html.erb:57:in `block in _app_views_admin_products_show_html_erb__3725335745860022906_25280'
  /home/minh/Desktop/intern_ruby_2022_ecommerce/app/views/admin/products/show.html.erb:55:in `_app_views_admin_products_show_html_erb__3725335745860022906_25280'

2022-08-23 14:38:26[WARN] user: minh
GET /vi/admin/products/41
USE eager loading detected
  ProductImage => [:image_attachment]
  Add to your query: .includes([:image_attachment])
Call stack
  /home/minh/Desktop/intern_ruby_2022_ecommerce/app/views/admin/products/show.html.erb:57:in `block in _app_views_admin_products_show_html_erb__3725335745860022906_25280'
  /home/minh/Desktop/intern_ruby_2022_ecommerce/app/views/admin/products/show.html.erb:55:in `_app_views_admin_products_show_html_erb__3725335745860022906_25280'

2022-08-23 14:39:07[WARN] user: minh
GET /vi/admin/products/41
USE eager loading detected
  ProductImage => [:image_attachment]
  Add to your query: .includes([:image_attachment])
Call stack
  /home/minh/Desktop/intern_ruby_2022_ecommerce/app/views/admin/products/show.html.erb:57:in `block in _app_views_admin_products_show_html_erb__3725335745860022906_30160'
  /home/minh/Desktop/intern_ruby_2022_ecommerce/app/views/admin/products/show.html.erb:55:in `_app_views_admin_products_show_html_erb__3725335745860022906_30160'

2022-08-23 14:39:25[WARN] user: minh
GET /vi/admin/products/41
USE eager loading detected
  ProductImage => [:image_attachment]
  Add to your query: .includes([:image_attachment])
Call stack
  /home/minh/Desktop/intern_ruby_2022_ecommerce/app/views/admin/products/show.html.erb:57:in `block in _app_views_admin_products_show_html_erb__3725335745860022906_31000'
  /home/minh/Desktop/intern_ruby_2022_ecommerce/app/views/admin/products/show.html.erb:55:in `_app_views_admin_products_show_html_erb__3725335745860022906_31000'

2022-08-23 14:39:56[WARN] user: minh
GET /vi/admin/products/41
USE eager loading detected
  ActiveStorage::Attachment => [:blob]
  Add to your query: .includes([:blob])
Call stack
  /home/minh/Desktop/intern_ruby_2022_ecommerce/app/views/admin/products/show.html.erb:57:in `block in _app_views_admin_products_show_html_erb__3725335745860022906_31380'
  /home/minh/Desktop/intern_ruby_2022_ecommerce/app/views/admin/products/show.html.erb:55:in `_app_views_admin_products_show_html_erb__3725335745860022906_31380'

2022-08-23 14:40:45[WARN] user: minh
GET /vi/admin/products/41
USE eager loading detected
  ActiveStorage::Attachment => [:blob]
  Add to your query: .includes([:blob])
Call stack
  /home/minh/Desktop/intern_ruby_2022_ecommerce/app/views/admin/products/show.html.erb:57:in `block in _app_views_admin_products_show_html_erb__3725335745860022906_33880'
  /home/minh/Desktop/intern_ruby_2022_ecommerce/app/views/admin/products/show.html.erb:55:in `_app_views_admin_products_show_html_erb__3725335745860022906_33880'

2022-08-23 14:41:16[WARN] user: minh
GET /vi/admin/products/41
USE eager loading detected
  ActiveStorage::Attachment => [:blob]
  Add to your query: .includes([:blob])
Call stack
  /home/minh/Desktop/intern_ruby_2022_ecommerce/app/views/admin/products/show.html.erb:55:in `_app_views_admin_products_show_html_erb__3725335745860022906_34860'

2022-08-23 14:41:16[WARN] user: minh
GET /vi/admin/products/41
AVOID eager loading detected
  ProductImage => [:image_blob]
  Remove from your query: .includes([:image_blob])
Call stack

2022-08-23 14:53:21[WARN] user: minh
DELETE /vi/admin/products/42
USE eager loading detected
  ProductImage => [:image_attachment]
  Add to your query: .includes([:image_attachment])
Call stack
  /home/minh/Desktop/intern_ruby_2022_ecommerce/app/controllers/admin/products_controller.rb:43:in `destroy'

2022-08-24 08:54:00[WARN] user: minh
GET /vi/admin/users/1
USE eager loading detected
  Rating => [:product]
  Add to your query: .includes([:product])
Call stack
  /home/minh/Desktop/intern_ruby_2022_ecommerce/app/views/admin/users/_rating.html.erb:19:in `block in _app_views_admin_users__rating_html_erb___3268671191091248344_21100'
  /home/minh/Desktop/intern_ruby_2022_ecommerce/app/views/admin/users/_rating.html.erb:13:in `_app_views_admin_users__rating_html_erb___3268671191091248344_21100'
  /home/minh/Desktop/intern_ruby_2022_ecommerce/app/views/admin/users/show.html.erb:17:in `_app_views_admin_users_show_html_erb__1047443200858754281_21060'

2022-08-24 08:55:25[WARN] user: minh
GET /vi/admin/users/1
USE eager loading detected
  Rating => [:product]
  Add to your query: .includes([:product])
Call stack
  /home/minh/Desktop/intern_ruby_2022_ecommerce/app/views/admin/users/_rating.html.erb:19:in `block in _app_views_admin_users__rating_html_erb___3268671191091248344_21100'
  /home/minh/Desktop/intern_ruby_2022_ecommerce/app/views/admin/users/_rating.html.erb:13:in `_app_views_admin_users__rating_html_erb___3268671191091248344_21100'
  /home/minh/Desktop/intern_ruby_2022_ecommerce/app/views/admin/users/show.html.erb:17:in `_app_views_admin_users_show_html_erb__1047443200858754281_21060'

2022-08-24 10:21:04[WARN] user: minh
GET /vi/admin/users
AVOID eager loading detected
  User => [:orders]
  Remove from your query: .includes([:orders])
Call stack

2022-08-24 10:21:22[WARN] user: minh
GET /vi/admin/users
AVOID eager loading detected
  User => [:orders]
  Remove from your query: .includes([:orders])
Call stack

2022-08-24 10:22:00[WARN] user: minh
GET /vi/admin/users
AVOID eager loading detected
  User => [:orders]
  Remove from your query: .includes([:orders])
Call stack

2022-08-24 13:08:50[WARN] user: minh
GET /vi/admin/categories
USE eager loading detected
  Category => [:category]
  Add to your query: .includes([:category])
Call stack
  /home/minh/Desktop/intern_ruby_2022_ecommerce/app/helpers/admin/category_helper.rb:3:in `find_parent'
  /home/minh/Desktop/intern_ruby_2022_ecommerce/app/views/admin/categories/_category.html.erb:3:in `_app_views_admin_categories__category_html_erb__2128827102663504841_19080'
  /home/minh/Desktop/intern_ruby_2022_ecommerce/app/views/admin/categories/index.html.erb:18:in `_app_views_admin_categories_index_html_erb__2889993503526065456_19040'

2022-08-24 13:14:16[WARN] user: minh
GET /vi/admin/categories
USE eager loading detected
  Category => [:category]
  Add to your query: .includes([:category])
Call stack
  /home/minh/Desktop/intern_ruby_2022_ecommerce/app/helpers/admin/category_helper.rb:3:in `find_parent'
  /home/minh/Desktop/intern_ruby_2022_ecommerce/app/views/admin/categories/_category.html.erb:3:in `_app_views_admin_categories__category_html_erb__2128827102663504841_20780'
  /home/minh/Desktop/intern_ruby_2022_ecommerce/app/views/admin/categories/index.html.erb:18:in `_app_views_admin_categories_index_html_erb__2889993503526065456_20760'

2022-08-24 13:15:37[WARN] user: minh
PATCH /vi/admin/orders/1
USE eager loading detected
  OrderDetail => [:product]
  Add to your query: .includes([:product])
Call stack
  /home/minh/Desktop/intern_ruby_2022_ecommerce/app/controllers/admin/orders_controller.rb:18:in `block in update'
  /home/minh/Desktop/intern_ruby_2022_ecommerce/app/controllers/admin/orders_controller.rb:17:in `update'

2022-08-24 13:18:17[WARN] user: minh
GET /vi/admin/users
AVOID eager loading detected
  User => [:orders]
  Remove from your query: .includes([:orders])
Call stack

2022-08-24 13:19:46[WARN] user: minh
GET /vi/admin/users
AVOID eager loading detected
  User => [:orders]
  Remove from your query: .includes([:orders])
Call stack

2022-08-24 13:40:24[WARN] user: minh
GET /vi/admin/categories
USE eager loading detected
  Category => [:category]
  Add to your query: .includes([:category])
Call stack
  /home/minh/Desktop/intern_ruby_2022_ecommerce/app/helpers/admin/category_helper.rb:3:in `find_parent'
  /home/minh/Desktop/intern_ruby_2022_ecommerce/app/views/admin/categories/_category.html.erb:3:in `_app_views_admin_categories__category_html_erb___348132217691962521_19900'
  /home/minh/Desktop/intern_ruby_2022_ecommerce/app/views/admin/categories/index.html.erb:18:in `_app_views_admin_categories_index_html_erb__1481187182116467263_19840'

2022-08-24 14:48:58[WARN] user: minh
GET /vi/admin/categories
USE eager loading detected
  Category => [:category]
  Add to your query: .includes([:category])
Call stack
  /home/minh/Desktop/intern_ruby_2022_ecommerce/app/helpers/admin/category_helper.rb:3:in `find_parent'
  /home/minh/Desktop/intern_ruby_2022_ecommerce/app/views/admin/categories/_category.html.erb:3:in `_app_views_admin_categories__category_html_erb__1166295432923036819_19180'
  /home/minh/Desktop/intern_ruby_2022_ecommerce/app/views/admin/categories/index.html.erb:18:in `_app_views_admin_categories_index_html_erb__521320293011979823_19140'

2022-08-24 14:49:07[WARN] user: minh
GET /vi/admin/categories
USE eager loading detected
  Category => [:category]
  Add to your query: .includes([:category])
Call stack
  /home/minh/Desktop/intern_ruby_2022_ecommerce/app/helpers/admin/category_helper.rb:3:in `find_parent'
  /home/minh/Desktop/intern_ruby_2022_ecommerce/app/views/admin/categories/_category.html.erb:3:in `_app_views_admin_categories__category_html_erb__1166295432923036819_19180'
  /home/minh/Desktop/intern_ruby_2022_ecommerce/app/views/admin/categories/index.html.erb:18:in `_app_views_admin_categories_index_html_erb__521320293011979823_19140'

2022-08-24 14:49:56[WARN] user: minh
GET /vi/admin/users
AVOID eager loading detected
  User => [:orders]
  Remove from your query: .includes([:orders])
Call stack

2022-08-24 14:52:29[WARN] user: minh
GET /vi/admin/users
AVOID eager loading detected
  User => [:orders]
  Remove from your query: .includes([:orders])
Call stack

2022-08-24 14:53:08[WARN] user: minh
GET /vi/admin/users
AVOID eager loading detected
  User => [:orders]
  Remove from your query: .includes([:orders])
Call stack

2022-08-24 15:01:53[WARN] user: minh
GET /vi/admin/users
AVOID eager loading detected
  User => [:orders]
  Remove from your query: .includes([:orders])
Call stack

2022-08-24 15:06:56[WARN] user: minh
GET /vi/admin/users/5
USE eager loading detected
  Rating => [:product]
  Add to your query: .includes([:product])
Call stack
  /home/minh/Desktop/intern_ruby_2022_ecommerce/app/views/admin/users/_rating.html.erb:23:in `block in _app_views_admin_users__rating_html_erb___3646580685752425512_19160'
  /home/minh/Desktop/intern_ruby_2022_ecommerce/app/views/admin/users/_rating.html.erb:17:in `_app_views_admin_users__rating_html_erb___3646580685752425512_19160'
  /home/minh/Desktop/intern_ruby_2022_ecommerce/app/views/admin/users/show.html.erb:12:in `_app_views_admin_users_show_html_erb__2155020233663343144_19020'

2022-08-24 15:07:19[WARN] user: minh
GET /vi/admin/users/5
USE eager loading detected
  Rating => [:product]
  Add to your query: .includes([:product])
Call stack
  /home/minh/Desktop/intern_ruby_2022_ecommerce/app/views/admin/users/_rating.html.erb:23:in `block in _app_views_admin_users__rating_html_erb___3646580685752425512_19440'
  /home/minh/Desktop/intern_ruby_2022_ecommerce/app/views/admin/users/_rating.html.erb:17:in `_app_views_admin_users__rating_html_erb___3646580685752425512_19440'
  /home/minh/Desktop/intern_ruby_2022_ecommerce/app/views/admin/users/show.html.erb:12:in `_app_views_admin_users_show_html_erb__2155020233663343144_19360'

2022-08-24 16:09:41[WARN] user: minh
GET /vi/admin/categories
USE eager loading detected
  Category => [:category]
  Add to your query: .includes([:category])
Call stack
  /home/minh/Desktop/intern_ruby_2022_ecommerce/app/helpers/admin/category_helper.rb:3:in `find_parent'
  /home/minh/Desktop/intern_ruby_2022_ecommerce/app/views/admin/categories/_category.html.erb:3:in `_app_views_admin_categories__category_html_erb__140463395445773815_27760'
  /home/minh/Desktop/intern_ruby_2022_ecommerce/app/views/admin/categories/index.html.erb:18:in `_app_views_admin_categories_index_html_erb__2499005367969570970_27740'

2022-08-24 16:40:06[WARN] user: minh
GET /vi/admin/categories
USE eager loading detected
  Category => [:category]
  Add to your query: .includes([:category])
Call stack
  /home/minh/Desktop/intern_ruby_2022_ecommerce/app/helpers/admin/category_helper.rb:3:in `find_parent'
  /home/minh/Desktop/intern_ruby_2022_ecommerce/app/views/admin/categories/_category.html.erb:3:in `_app_views_admin_categories__category_html_erb__140463395445773815_32620'
  /home/minh/Desktop/intern_ruby_2022_ecommerce/app/views/admin/categories/index.html.erb:18:in `_app_views_admin_categories_index_html_erb__2499005367969570970_32600'

2022-08-24 16:40:06[WARN] user: minh
GET /vi/admin/categories
USE eager loading detected
  Category => [:category]
  Add to your query: .includes([:category])
Call stack
  /home/minh/Desktop/intern_ruby_2022_ecommerce/app/helpers/admin/category_helper.rb:3:in `find_parent'
  /home/minh/Desktop/intern_ruby_2022_ecommerce/app/views/admin/categories/_category.html.erb:3:in `_app_views_admin_categories__category_html_erb__140463395445773815_32620'
  /home/minh/Desktop/intern_ruby_2022_ecommerce/app/views/admin/categories/index.html.erb:18:in `_app_views_admin_categories_index_html_erb__2499005367969570970_32600'

2022-08-24 22:20:34[WARN] user: minh
PATCH /vi/admin/products/71
USE eager loading detected
  ProductImage => [:image_attachment]
  Add to your query: .includes([:image_attachment])
Call stack
  /home/minh/Desktop/intern_ruby_2022_ecommerce/app/controllers/admin/products_controller.rb:21:in `update'

2022-08-24 22:20:34[WARN] user: minh
PATCH /vi/admin/products/71
USE eager loading detected
  ProductImage => [:image_blob]
  Add to your query: .includes([:image_blob])
Call stack
  /home/minh/Desktop/intern_ruby_2022_ecommerce/app/controllers/admin/products_controller.rb:21:in `update'

2022-08-24 22:21:38[WARN] user: minh
GET /vi/admin/users
AVOID eager loading detected
  User => [:orders]
  Remove from your query: .includes([:orders])
Call stack

2022-08-24 22:24:14[WARN] user: minh
GET /vi/admin/users/5
USE eager loading detected
  Rating => [:product]
  Add to your query: .includes([:product])
Call stack
  /home/minh/Desktop/intern_ruby_2022_ecommerce/app/views/admin/users/_rating.html.erb:23:in `block in _app_views_admin_users__rating_html_erb___10799204165935930_29900'
  /home/minh/Desktop/intern_ruby_2022_ecommerce/app/views/admin/users/_rating.html.erb:17:in `_app_views_admin_users__rating_html_erb___10799204165935930_29900'
  /home/minh/Desktop/intern_ruby_2022_ecommerce/app/views/admin/users/show.html.erb:21:in `_app_views_admin_users_show_html_erb___2485725218165960623_29820'

2022-08-24 22:30:07[WARN] user: minh
GET /vi/admin/users/1
USE eager loading detected
  Rating => [:product]
  Add to your query: .includes([:product])
Call stack
  /home/minh/Desktop/intern_ruby_2022_ecommerce/app/views/admin/users/_rating.html.erb:23:in `block in _app_views_admin_users__rating_html_erb___10799204165935930_32880'
  /home/minh/Desktop/intern_ruby_2022_ecommerce/app/views/admin/users/_rating.html.erb:17:in `_app_views_admin_users__rating_html_erb___10799204165935930_32880'
  /home/minh/Desktop/intern_ruby_2022_ecommerce/app/views/admin/users/show.html.erb:12:in `_app_views_admin_users_show_html_erb___2485725218165960623_32800'

2022-08-25 09:07:16[WARN] user: minh
PATCH /vi/admin/orders/1
USE eager loading detected
  OrderDetail => [:product]
  Add to your query: .includes([:product])
Call stack
  /home/minh/Desktop/intern_ruby_2022_ecommerce/app/models/order.rb:27:in `block in update_branch'
  /home/minh/Desktop/intern_ruby_2022_ecommerce/app/models/order.rb:26:in `update_branch'
  /home/minh/Desktop/intern_ruby_2022_ecommerce/app/controllers/admin/orders_controller.rb:15:in `update'

2022-08-25 10:06:06[WARN] user: minh
GET /vi/admin/users
AVOID eager loading detected
  User => [:orders]
  Remove from your query: .includes([:orders])
Call stack

2022-08-25 10:08:55[WARN] user: minh
GET /vi/admin/users/5
USE eager loading detected
  Rating => [:product]
  Add to your query: .includes([:product])
Call stack
  /home/minh/Desktop/intern_ruby_2022_ecommerce/app/views/admin/users/_rating.html.erb:23:in `block in _app_views_admin_users__rating_html_erb__2143591644280685584_24700'
  /home/minh/Desktop/intern_ruby_2022_ecommerce/app/views/admin/users/_rating.html.erb:17:in `_app_views_admin_users__rating_html_erb__2143591644280685584_24700'
  /home/minh/Desktop/intern_ruby_2022_ecommerce/app/views/admin/users/show.html.erb:12:in `_app_views_admin_users_show_html_erb__2044142168101396018_24660'

2022-08-25 21:19:45[WARN] user: minh
PATCH /vi/admin/orders/2
USE eager loading detected
  OrderDetail => [:product]
  Add to your query: .includes([:product])
Call stack
  /home/minh/Desktop/intern_ruby_2022_ecommerce/app/models/order.rb:35:in `block in update_branch'
  /home/minh/Desktop/intern_ruby_2022_ecommerce/app/models/order.rb:34:in `update_branch'
  /home/minh/Desktop/intern_ruby_2022_ecommerce/app/controllers/admin/orders_controller.rb:15:in `update'

2022-08-25 21:24:54[WARN] user: minh
PATCH /vi/admin/orders/4
USE eager loading detected
  OrderDetail => [:product]
  Add to your query: .includes([:product])
Call stack
  /home/minh/Desktop/intern_ruby_2022_ecommerce/app/models/order.rb:35:in `block in update_branch'
  /home/minh/Desktop/intern_ruby_2022_ecommerce/app/models/order.rb:34:in `update_branch'
  /home/minh/Desktop/intern_ruby_2022_ecommerce/app/controllers/admin/orders_controller.rb:15:in `update'

2022-08-25 21:25:27[WARN] user: minh
PATCH /vi/admin/orders/5
USE eager loading detected
  OrderDetail => [:product]
  Add to your query: .includes([:product])
Call stack
  /home/minh/Desktop/intern_ruby_2022_ecommerce/app/models/order.rb:42:in `block in update_branch'
  /home/minh/Desktop/intern_ruby_2022_ecommerce/app/models/order.rb:41:in `update_branch'
  /home/minh/Desktop/intern_ruby_2022_ecommerce/app/controllers/admin/orders_controller.rb:15:in `update'

2022-08-25 23:16:58[WARN] user: minh
PATCH /vi/admin/orders/1
USE eager loading detected
  OrderDetail => [:product]
  Add to your query: .includes([:product])
Call stack
  /home/minh/Desktop/intern_ruby_2022_ecommerce/app/models/order.rb:35:in `block in update_branch'
  /home/minh/Desktop/intern_ruby_2022_ecommerce/app/models/order.rb:34:in `update_branch'
  /home/minh/Desktop/intern_ruby_2022_ecommerce/app/controllers/admin/orders_controller.rb:15:in `update'

2022-08-25 23:17:24[WARN] user: minh
PATCH /vi/admin/orders/2
USE eager loading detected
  OrderDetail => [:product]
  Add to your query: .includes([:product])
Call stack
  /home/minh/Desktop/intern_ruby_2022_ecommerce/app/models/order.rb:42:in `block in update_branch'
  /home/minh/Desktop/intern_ruby_2022_ecommerce/app/models/order.rb:41:in `update_branch'
  /home/minh/Desktop/intern_ruby_2022_ecommerce/app/controllers/admin/orders_controller.rb:15:in `update'

2022-08-26 14:39:20[WARN] user: minh
PATCH /vi/admin/orders/20
USE eager loading detected
  OrderDetail => [:product]
  Add to your query: .includes([:product])
Call stack
  /home/minh/Desktop/intern_ruby_2022_ecommerce/app/models/order.rb:37:in `block in update_branch'
  /home/minh/Desktop/intern_ruby_2022_ecommerce/app/models/order.rb:36:in `update_branch'
  /home/minh/Desktop/intern_ruby_2022_ecommerce/app/controllers/admin/orders_controller.rb:15:in `update'

2022-08-26 14:42:52[WARN] user: minh
PATCH /vi/admin/orders/20
USE eager loading detected
  OrderDetail => [:product]
  Add to your query: .includes([:product])
Call stack
  /home/minh/Desktop/intern_ruby_2022_ecommerce/app/models/order.rb:37:in `block in update_branch'
  /home/minh/Desktop/intern_ruby_2022_ecommerce/app/models/order.rb:36:in `update_branch'
  /home/minh/Desktop/intern_ruby_2022_ecommerce/app/controllers/admin/orders_controller.rb:15:in `update'

2022-08-26 16:17:56[WARN] user: minh
PATCH /vi/admin/orders/1
USE eager loading detected
  OrderDetail => [:product]
  Add to your query: .includes([:product])
Call stack
  /home/minh/Desktop/intern_ruby_2022_ecommerce/app/models/order.rb:38:in `block in update_branch'
  /home/minh/Desktop/intern_ruby_2022_ecommerce/app/models/order.rb:37:in `update_branch'
  /home/minh/Desktop/intern_ruby_2022_ecommerce/app/controllers/admin/orders_controller.rb:15:in `update'

2022-08-26 16:18:20[WARN] user: minh
PATCH /vi/admin/orders/3
USE eager loading detected
  OrderDetail => [:product]
  Add to your query: .includes([:product])
Call stack
  /home/minh/Desktop/intern_ruby_2022_ecommerce/app/models/order.rb:45:in `block in update_branch'
  /home/minh/Desktop/intern_ruby_2022_ecommerce/app/models/order.rb:44:in `update_branch'
  /home/minh/Desktop/intern_ruby_2022_ecommerce/app/controllers/admin/orders_controller.rb:15:in `update'

2022-08-26 16:19:12[WARN] user: minh
PATCH /vi/admin/orders/4
USE eager loading detected
  OrderDetail => [:product]
  Add to your query: .includes([:product])
Call stack
  /home/minh/Desktop/intern_ruby_2022_ecommerce/app/models/order.rb:38:in `block in update_branch'
  /home/minh/Desktop/intern_ruby_2022_ecommerce/app/models/order.rb:37:in `update_branch'
  /home/minh/Desktop/intern_ruby_2022_ecommerce/app/controllers/admin/orders_controller.rb:15:in `update'

2022-08-26 16:19:29[WARN] user: minh
PATCH /vi/admin/orders/4
USE eager loading detected
  OrderDetail => [:product]
  Add to your query: .includes([:product])
Call stack
  /home/minh/Desktop/intern_ruby_2022_ecommerce/app/models/order.rb:45:in `block in update_branch'
  /home/minh/Desktop/intern_ruby_2022_ecommerce/app/models/order.rb:44:in `update_branch'
  /home/minh/Desktop/intern_ruby_2022_ecommerce/app/controllers/admin/orders_controller.rb:15:in `update'

2022-08-26 16:21:19[WARN] user: minh
DELETE /vi/admin/products/86
USE eager loading detected
  ProductImage => [:image_attachment]
  Add to your query: .includes([:image_attachment])
Call stack
  /home/minh/Desktop/intern_ruby_2022_ecommerce/app/controllers/admin/products_controller.rb:42:in `destroy'

