rake aborted!
Don't know how to build task 'monthly_summary' (See the list of available tasks with `rake --tasks`)
/home/minh/.rbenv/versions/2.7.1/bin/bundle:23:in `load'
/home/minh/.rbenv/versions/2.7.1/bin/bundle:23:in `<main>'
(See full trace by running task with --trace)
rake aborted!
Don't know how to build task 'monthly_summary' (See the list of available tasks with `rake --tasks`)
/home/minh/.rbenv/versions/2.7.1/bin/bundle:23:in `load'
/home/minh/.rbenv/versions/2.7.1/bin/bundle:23:in `<main>'
(See full trace by running task with --trace)
rake aborted!
Don't know how to build task 'monthly_summary' (See the list of available tasks with `rake --tasks`)
/home/minh/.rbenv/versions/2.7.1/bin/bundle:23:in `load'
/home/minh/.rbenv/versions/2.7.1/bin/bundle:23:in `<main>'
(See full trace by running task with --trace)
rake aborted!
Don't know how to build task 'monthly_summary' (See the list of available tasks with `rake --tasks`)
/home/minh/.rbenv/versions/2.7.1/bin/bundle:23:in `load'
/home/minh/.rbenv/versions/2.7.1/bin/bundle:23:in `<main>'
(See full trace by running task with --trace)
rake aborted!
Don't know how to build task 'monthly_summary' (See the list of available tasks with `rake --tasks`)
/home/minh/.rbenv/versions/2.7.1/bin/bundle:23:in `load'
/home/minh/.rbenv/versions/2.7.1/bin/bundle:23:in `<main>'
(See full trace by running task with --trace)
rake aborted!
Don't know how to build task 'monthly_summary' (See the list of available tasks with `rake --tasks`)
/home/minh/.rbenv/versions/2.7.1/bin/bundle:23:in `load'
/home/minh/.rbenv/versions/2.7.1/bin/bundle:23:in `<main>'
(See full trace by running task with --trace)
rake aborted!
Don't know how to build task 'monthly_summary' (See the list of available tasks with `rake --tasks`)
/home/minh/.rbenv/versions/2.7.1/bin/bundle:23:in `load'
/home/minh/.rbenv/versions/2.7.1/bin/bundle:23:in `<main>'
(See full trace by running task with --trace)
rake aborted!
Don't know how to build task 'monthly_summary' (See the list of available tasks with `rake --tasks`)
/home/minh/.rbenv/versions/2.7.1/bin/bundle:23:in `load'
/home/minh/.rbenv/versions/2.7.1/bin/bundle:23:in `<main>'
(See full trace by running task with --trace)
rake aborted!
Don't know how to build task 'monthly_summary' (See the list of available tasks with `rake --tasks`)
/home/minh/.rbenv/versions/2.7.1/bin/bundle:23:in `load'
/home/minh/.rbenv/versions/2.7.1/bin/bundle:23:in `<main>'
(See full trace by running task with --trace)
rake aborted!
Don't know how to build task 'monthly_summary' (See the list of available tasks with `rake --tasks`)
/home/minh/.rbenv/versions/2.7.1/bin/bundle:23:in `load'
/home/minh/.rbenv/versions/2.7.1/bin/bundle:23:in `<main>'
(See full trace by running task with --trace)
rake aborted!
Don't know how to build task 'monthly_summary' (See the list of available tasks with `rake --tasks`)
/home/minh/.rbenv/versions/2.7.1/bin/bundle:23:in `load'
/home/minh/.rbenv/versions/2.7.1/bin/bundle:23:in `<main>'
(See full trace by running task with --trace)
rake aborted!
Don't know how to build task 'monthly_summary' (See the list of available tasks with `rake --tasks`)
/home/minh/.rbenv/versions/2.7.1/bin/bundle:23:in `load'
/home/minh/.rbenv/versions/2.7.1/bin/bundle:23:in `<main>'
(See full trace by running task with --trace)
rake aborted!
Don't know how to build task 'monthly_summary' (See the list of available tasks with `rake --tasks`)
/home/minh/.rbenv/versions/2.7.1/bin/bundle:23:in `load'
/home/minh/.rbenv/versions/2.7.1/bin/bundle:23:in `<main>'
(See full trace by running task with --trace)
rake aborted!
Don't know how to build task 'monthly_summary' (See the list of available tasks with `rake --tasks`)
/home/minh/.rbenv/versions/2.7.1/bin/bundle:23:in `load'
/home/minh/.rbenv/versions/2.7.1/bin/bundle:23:in `<main>'
(See full trace by running task with --trace)
rake aborted!
Don't know how to build task 'monthly_summary' (See the list of available tasks with `rake --tasks`)
/home/minh/.rbenv/versions/2.7.1/bin/bundle:23:in `load'
/home/minh/.rbenv/versions/2.7.1/bin/bundle:23:in `<main>'
(See full trace by running task with --trace)
rake aborted!
Don't know how to build task 'monthly_summary' (See the list of available tasks with `rake --tasks`)
/home/minh/.rbenv/versions/2.7.1/bin/bundle:23:in `load'
/home/minh/.rbenv/versions/2.7.1/bin/bundle:23:in `<main>'
(See full trace by running task with --trace)
rake aborted!
Don't know how to build task 'monthly_summary' (See the list of available tasks with `rake --tasks`)
/home/minh/.rbenv/versions/2.7.1/bin/bundle:23:in `load'
/home/minh/.rbenv/versions/2.7.1/bin/bundle:23:in `<main>'
(See full trace by running task with --trace)
rake aborted!
Don't know how to build task 'monthly_summary' (See the list of available tasks with `rake --tasks`)
/home/minh/.rbenv/versions/2.7.1/bin/bundle:23:in `load'
/home/minh/.rbenv/versions/2.7.1/bin/bundle:23:in `<main>'
(See full trace by running task with --trace)
rake aborted!
Don't know how to build task 'monthly_summary' (See the list of available tasks with `rake --tasks`)
/home/minh/.rbenv/versions/2.7.1/bin/bundle:23:in `load'
/home/minh/.rbenv/versions/2.7.1/bin/bundle:23:in `<main>'
(See full trace by running task with --trace)
rake aborted!
Don't know how to build task 'monthly_summary' (See the list of available tasks with `rake --tasks`)
/home/minh/.rbenv/versions/2.7.1/bin/bundle:23:in `load'
/home/minh/.rbenv/versions/2.7.1/bin/bundle:23:in `<main>'
(See full trace by running task with --trace)
rake aborted!
Don't know how to build task 'monthly_summary' (See the list of available tasks with `rake --tasks`)
/home/minh/.rbenv/versions/2.7.1/bin/bundle:23:in `load'
/home/minh/.rbenv/versions/2.7.1/bin/bundle:23:in `<main>'
(See full trace by running task with --trace)
rake aborted!
Don't know how to build task 'monthly_summary' (See the list of available tasks with `rake --tasks`)
/home/minh/.rbenv/versions/2.7.1/bin/bundle:23:in `load'
/home/minh/.rbenv/versions/2.7.1/bin/bundle:23:in `<main>'
(See full trace by running task with --trace)
rake aborted!
Don't know how to build task 'monthly_summary' (See the list of available tasks with `rake --tasks`)
/home/minh/.rbenv/versions/2.7.1/bin/bundle:23:in `load'
/home/minh/.rbenv/versions/2.7.1/bin/bundle:23:in `<main>'
(See full trace by running task with --trace)
rake aborted!
Don't know how to build task 'monthly_summary' (See the list of available tasks with `rake --tasks`)
/home/minh/.rbenv/versions/2.7.1/bin/bundle:23:in `load'
/home/minh/.rbenv/versions/2.7.1/bin/bundle:23:in `<main>'
(See full trace by running task with --trace)
rake aborted!
Don't know how to build task 'monthly_summary' (See the list of available tasks with `rake --tasks`)
/home/minh/.rbenv/versions/2.7.1/bin/bundle:23:in `load'
/home/minh/.rbenv/versions/2.7.1/bin/bundle:23:in `<main>'
(See full trace by running task with --trace)
rake aborted!
Don't know how to build task 'monthly_summary' (See the list of available tasks with `rake --tasks`)
/home/minh/.rbenv/versions/2.7.1/bin/bundle:23:in `load'
/home/minh/.rbenv/versions/2.7.1/bin/bundle:23:in `<main>'
(See full trace by running task with --trace)
rake aborted!
Don't know how to build task 'monthly_summary' (See the list of available tasks with `rake --tasks`)
/home/minh/.rbenv/versions/2.7.1/bin/bundle:23:in `load'
/home/minh/.rbenv/versions/2.7.1/bin/bundle:23:in `<main>'
(See full trace by running task with --trace)
rake aborted!
Don't know how to build task 'monthly_summary' (See the list of available tasks with `rake --tasks`)
/home/minh/.rbenv/versions/2.7.1/bin/bundle:23:in `load'
/home/minh/.rbenv/versions/2.7.1/bin/bundle:23:in `<main>'
(See full trace by running task with --trace)
rake aborted!
Don't know how to build task 'monthly_summary' (See the list of available tasks with `rake --tasks`)
/home/minh/.rbenv/versions/2.7.1/bin/bundle:23:in `load'
/home/minh/.rbenv/versions/2.7.1/bin/bundle:23:in `<main>'
(See full trace by running task with --trace)
rake aborted!
Don't know how to build task 'monthly_summary' (See the list of available tasks with `rake --tasks`)
/home/minh/.rbenv/versions/2.7.1/bin/bundle:23:in `load'
/home/minh/.rbenv/versions/2.7.1/bin/bundle:23:in `<main>'
(See full trace by running task with --trace)
rake aborted!
Don't know how to build task 'monthly_summary' (See the list of available tasks with `rake --tasks`)
/home/minh/.rbenv/versions/2.7.1/bin/bundle:23:in `load'
/home/minh/.rbenv/versions/2.7.1/bin/bundle:23:in `<main>'
(See full trace by running task with --trace)
rake aborted!
Don't know how to build task 'monthly_summary' (See the list of available tasks with `rake --tasks`)
/home/minh/.rbenv/versions/2.7.1/bin/bundle:23:in `load'
/home/minh/.rbenv/versions/2.7.1/bin/bundle:23:in `<main>'
(See full trace by running task with --trace)
rake aborted!
Don't know how to build task 'monthly_summary' (See the list of available tasks with `rake --tasks`)
/home/minh/.rbenv/versions/2.7.1/bin/bundle:23:in `load'
/home/minh/.rbenv/versions/2.7.1/bin/bundle:23:in `<main>'
(See full trace by running task with --trace)
rake aborted!
Don't know how to build task 'monthly_summary' (See the list of available tasks with `rake --tasks`)
/home/minh/.rbenv/versions/2.7.1/bin/bundle:23:in `load'
/home/minh/.rbenv/versions/2.7.1/bin/bundle:23:in `<main>'
(See full trace by running task with --trace)
rake aborted!
Don't know how to build task 'monthly_summary' (See the list of available tasks with `rake --tasks`)
/home/minh/.rbenv/versions/2.7.1/bin/bundle:23:in `load'
/home/minh/.rbenv/versions/2.7.1/bin/bundle:23:in `<main>'
(See full trace by running task with --trace)
rake aborted!
Don't know how to build task 'monthly_summary' (See the list of available tasks with `rake --tasks`)
/home/minh/.rbenv/versions/2.7.1/bin/bundle:23:in `load'
/home/minh/.rbenv/versions/2.7.1/bin/bundle:23:in `<main>'
(See full trace by running task with --trace)
rake aborted!
Don't know how to build task 'monthly_summary' (See the list of available tasks with `rake --tasks`)
/home/minh/.rbenv/versions/2.7.1/bin/bundle:23:in `load'
/home/minh/.rbenv/versions/2.7.1/bin/bundle:23:in `<main>'
(See full trace by running task with --trace)
rake aborted!
Don't know how to build task 'monthly_summary' (See the list of available tasks with `rake --tasks`)
/home/minh/.rbenv/versions/2.7.1/bin/bundle:23:in `load'
/home/minh/.rbenv/versions/2.7.1/bin/bundle:23:in `<main>'
(See full trace by running task with --trace)
rake aborted!
Don't know how to build task 'monthly_summary' (See the list of available tasks with `rake --tasks`)
/home/minh/.rbenv/versions/2.7.1/bin/bundle:23:in `load'
/home/minh/.rbenv/versions/2.7.1/bin/bundle:23:in `<main>'
(See full trace by running task with --trace)
rake aborted!
Don't know how to build task 'monthly_summary' (See the list of available tasks with `rake --tasks`)
/home/minh/.rbenv/versions/2.7.1/bin/bundle:23:in `load'
/home/minh/.rbenv/versions/2.7.1/bin/bundle:23:in `<main>'
(See full trace by running task with --trace)
rake aborted!
Don't know how to build task 'monthly_summary' (See the list of available tasks with `rake --tasks`)
/home/minh/.rbenv/versions/2.7.1/bin/bundle:23:in `load'
/home/minh/.rbenv/versions/2.7.1/bin/bundle:23:in `<main>'
(See full trace by running task with --trace)
rake aborted!
Don't know how to build task 'monthly_summary' (See the list of available tasks with `rake --tasks`)
/home/minh/.rbenv/versions/2.7.1/bin/bundle:23:in `load'
/home/minh/.rbenv/versions/2.7.1/bin/bundle:23:in `<main>'
(See full trace by running task with --trace)
